{"meta": {"format": 3, "version": "7.10.7", "timestamp": "2025-11-03T17:53:27.281831", "branch_coverage": false, "show_contexts": false}, "files": {"src\\__init__.py": {"executed_lines": [1, 5, 6], "summary": {"covered_lines": 2, "num_statements": 2, "percent_covered": 100.0, "percent_covered_display": "100", "missing_lines": 0, "excluded_lines": 0}, "missing_lines": [], "excluded_lines": [], "functions": {"": {"executed_lines": [1, 5, 6], "summary": {"covered_lines": 2, "num_statements": 2, "percent_covered": 100.0, "percent_covered_display": "100", "missing_lines": 0, "excluded_lines": 0}, "missing_lines": [], "excluded_lines": []}}, "classes": {"": {"executed_lines": [1, 5, 6], "summary": {"covered_lines": 2, "num_statements": 2, "percent_covered": 100.0, "percent_covered_display": "100", "missing_lines": 0, "excluded_lines": 0}, "missing_lines": [], "excluded_lines": []}}}, "src\\api\\__init__.py": {"executed_lines": [1, 5, 7], "summary": {"covered_lines": 2, "num_statements": 2, "percent_covered": 100.0, "percent_covered_display": "100", "missing_lines": 0, "excluded_lines": 0}, "missing_lines": [], "excluded_lines": [], "functions": {"": {"executed_lines": [1, 5, 7], "summary": {"covered_lines": 2, "num_statements": 2, "percent_covered": 100.0, "percent_covered_display": "100", "missing_lines": 0, "excluded_lines": 0}, "missing_lines": [], "excluded_lines": []}}, "classes": {"": {"executed_lines": [1, 5, 7], "summary": {"covered_lines": 2, "num_statements": 2, "percent_covered": 100.0, "percent_covered_display": "100", "missing_lines": 0, "excluded_lines": 0}, "missing_lines": [], "excluded_lines": []}}}, "src\\api\\v1\\__init__.py": {"executed_lines": [1, 3, 6, 7, 8, 9, 10, 11, 12, 13, 14, 15, 16, 17, 18, 19, 20, 21, 22, 23, 24, 25, 26, 27, 45, 48, 49, 50, 51, 52, 55, 56, 57, 58, 61, 64, 67, 68, 69, 70, 71, 75, 76, 77, 78, 79, 80, 109], "summary": {"covered_lines": 47, "num_statements": 47, "percent_covered": 100.0, "percent_covered_display": "100", "missing_lines": 0, "excluded_lines": 0}, "missing_lines": [], "excluded_lines": [], "functions": {"": {"executed_lines": [1, 3, 6, 7, 8, 9, 10, 11, 12, 13, 14, 15, 16, 17, 18, 19, 20, 21, 22, 23, 24, 25, 26, 27, 45, 48, 49, 50, 51, 52, 55, 56, 57, 58, 61, 64, 67, 68, 69, 70, 71, 75, 76, 77, 78, 79, 80, 109], "summary": {"covered_lines": 47, "num_statements": 47, "percent_covered": 100.0, "percent_covered_display": "100", "missing_lines": 0, "excluded_lines": 0}, "missing_lines": [], "excluded_lines": []}}, "classes": {"": {"executed_lines": [1, 3, 6, 7, 8, 9, 10, 11, 12, 13, 14, 15, 16, 17, 18, 19, 20, 21, 22, 23, 24, 25, 26, 27, 45, 48, 49, 50, 51, 52, 55, 56, 57, 58, 61, 64, 67, 68, 69, 70, 71, 75, 76, 77, 78, 79, 80, 109], "summary": {"covered_lines": 47, "num_statements": 47, "percent_covered": 100.0, "percent_covered_display": "100", "missing_lines": 0, "excluded_lines": 0}, "missing_lines": [], "excluded_lines": []}}}, "src\\api\\v1\\admin.py": {"executed_lines": [1, 3, 7, 9, 10, 13, 16, 17, 24, 25], "summary": {"covered_lines": 10, "num_statements": 17, "percent_covered": 58.8235294117647, "percent_covered_display": "59", "missing_lines": 7, "excluded_lines": 0}, "missing_lines": [21, 29, 30, 31, 32, 33, 34], "excluded_lines": [], "functions": {"health_check": {"executed_lines": [], "summary": {"covered_lines": 0, "num_statements": 1, "percent_covered": 0.0, "percent_covered_display": "0", "missing_lines": 1, "excluded_lines": 0}, "missing_lines": [21], "excluded_lines": []}, "reset_database": {"executed_lines": [], "summary": {"covered_lines": 0, "num_statements": 6, "percent_covered": 0.0, "percent_covered_display": "0", "missing_lines": 6, "excluded_lines": 0}, "missing_lines": [29, 30, 31, 32, 33, 34], "excluded_lines": []}, "": {"executed_lines": [1, 3, 7, 9, 10, 13, 16, 17, 24, 25], "summary": {"covered_lines": 10, "num_statements": 10, "percent_covered": 100.0, "percent_covered_display": "100", "missing_lines": 0, "excluded_lines": 0}, "missing_lines": [], "excluded_lines": []}}, "classes": {"": {"executed_lines": [1, 3, 7, 9, 10, 13, 16, 17, 24, 25], "summary": {"covered_lines": 10, "num_statements": 17, "percent_covered": 58.8235294117647, "percent_covered_display": "59", "missing_lines": 7, "excluded_lines": 0}, "missing_lines": [21, 29, 30, 31, 32, 33, 34], "excluded_lines": []}}}, "src\\api\\v1\\analytics.py": {"executed_lines": [], "summary": {"covered_lines": 0, "num_statements": 726, "percent_covered": 0.0, "percent_covered_display": "0", "missing_lines": 726, "excluded_lines": 0}, "missing_lines": [1, 3, 18, 19, 20, 21, 22, 24, 25, 27, 28, 29, 30, 33, 37, 39, 41, 44, 47, 50, 53, 54, 57, 58, 59, 60, 61, 62, 64, 65, 68, 69, 73, 77, 78, 79, 80, 83, 85, 87, 90, 93, 94, 98, 100, 102, 104, 107, 110, 111, 112, 113, 114, 116, 117, 120, 121, 127, 130, 131, 133, 134, 138, 140, 141, 142, 145, 147, 148, 152, 154, 155, 157, 159, 162, 164, 178, 179, 183, 185, 186, 187, 190, 193, 195, 196, 197, 198, 199, 200, 201, 204, 206, 207, 208, 211, 214, 215, 233, 234, 236, 237, 240, 241, 242, 243, 245, 246, 249, 250, 251, 260, 262, 263, 265, 266, 270, 272, 273, 277, 281, 282, 284, 288, 289, 293, 294, 296, 298, 299, 300, 301, 304, 305, 306, 309, 310, 312, 315, 317, 318, 319, 320, 324, 326, 328, 329, 331, 332, 333, 336, 341, 343, 353, 355, 356, 358, 359, 377, 378, 380, 381, 384, 385, 386, 387, 390, 391, 394, 395, 396, 398, 400, 401, 403, 406, 407, 408, 410, 411, 425, 427, 428, 430, 431, 435, 439, 440, 444, 448, 449, 453, 457, 458, 462, 463, 465, 469, 470, 471, 472, 475, 476, 477, 480, 481, 483, 486, 487, 490, 491, 492, 494, 497, 499, 500, 501, 502, 506, 508, 510, 511, 512, 514, 515, 516, 517, 520, 524, 525, 540, 542, 543, 546, 549, 550, 552, 553, 564, 576, 577, 580, 581, 582, 583, 584, 587, 588, 591, 592, 593, 596, 597, 600, 603, 604, 606, 607, 610, 615, 616, 619, 621, 624, 630, 632, 635, 638, 641, 642, 644, 645, 653, 661, 663, 664, 665, 666, 669, 670, 671, 674, 677, 682, 684, 687, 690, 693, 694, 696, 697, 700, 708, 709, 711, 712, 713, 714, 715, 716, 718, 719, 720, 724, 725, 728, 731, 732, 733, 737, 738, 740, 742, 745, 754, 757, 758, 759, 760, 762, 763, 766, 772, 779, 782, 783, 784, 785, 788, 789, 790, 795, 804, 805, 810, 812, 814, 815, 817, 819, 820, 824, 826, 827, 828, 829, 831, 841, 843, 844, 853, 854, 857, 862, 863, 864, 865, 868, 869, 870, 871, 874, 875, 877, 878, 879, 881, 883, 886, 889, 890, 896, 899, 901, 912, 913, 915, 916, 918, 919, 920, 925, 927, 928, 932, 934, 935, 936, 937, 943, 944, 945, 946, 947, 948, 949, 950, 951, 952, 953, 954, 955, 956, 957, 960, 961, 962, 964, 965, 967, 973, 974, 978, 979, 986, 987, 988, 994, 1001, 1004, 1005, 1006, 1010, 1011, 1013, 1015, 1016, 1025, 1026, 1027, 1029, 1030, 1033, 1034, 1042, 1043, 1044, 1045, 1048, 1049, 1050, 1051, 1052, 1053, 1056, 1065, 1066, 1071, 1075, 1077, 1078, 1079, 1081, 1082, 1083, 1085, 1086, 1088, 1090, 1091, 1100, 1101, 1102, 1104, 1105, 1108, 1109, 1117, 1118, 1119, 1120, 1123, 1124, 1125, 1126, 1129, 1138, 1139, 1144, 1148, 1150, 1151, 1152, 1154, 1155, 1164, 1167, 1168, 1169, 1172, 1173, 1176, 1178, 1179, 1180, 1182, 1185, 1188, 1195, 1197, 1209, 1211, 1212, 1216, 1219, 1220, 1221, 1222, 1223, 1226, 1228, 1229, 1230, 1232, 1235, 1238, 1245, 1247, 1257, 1259, 1260, 1262, 1263, 1266, 1269, 1270, 1271, 1273, 1274, 1276, 1278, 1279, 1288, 1289, 1290, 1292, 1293, 1296, 1299, 1300, 1301, 1303, 1304, 1305, 1307, 1309, 1314, 1317, 1318, 1327, 1328, 1329, 1332, 1338, 1346, 1347, 1352, 1356, 1358, 1359, 1360, 1362, 1363, 1365, 1367, 1369, 1370, 1371, 1372, 1373, 1375, 1377, 1378, 1380, 1382, 1383, 1384, 1385, 1388, 1389, 1391, 1401, 1403, 1405, 1406, 1407, 1409, 1410, 1412, 1413, 1422, 1423, 1424, 1426, 1427, 1428, 1430, 1433, 1434, 1437, 1438, 1439, 1441, 1449, 1451, 1452, 1455, 1456, 1459, 1462, 1466, 1468, 1469, 1470, 1473, 1475, 1477, 1478, 1479, 1482, 1484, 1485, 1488, 1490, 1521, 1522, 1542, 1544, 1545, 1546, 1549, 1557, 1558, 1561, 1562, 1563, 1564, 1565, 1567, 1573, 1582, 1583, 1586, 1590, 1591, 1592, 1594, 1597, 1598, 1603, 1606, 1609, 1612, 1617, 1620, 1623, 1626, 1631, 1634, 1637, 1638, 1641, 1642, 1643, 1644, 1646, 1647, 1648, 1649, 1650, 1651, 1654, 1655, 1658, 1661, 1662, 1663, 1669, 1670, 1691, 1692, 1697, 1701, 1720, 1722, 1723, 1724, 1725, 1728, 1729, 1731, 1732, 1734, 1741, 1744, 1745, 1746, 1753, 1754, 1756, 1757, 1759, 1772, 1773, 1777, 1785, 1786, 1787, 1794, 1795, 1797, 1798, 1800, 1816, 1817, 1818, 1819, 1821, 1822, 1825, 1826, 1827, 1829, 1832, 1833, 1834], "excluded_lines": [], "functions": {"PerformanceMonitor.monitor_performance": {"executed_lines": [], "summary": {"covered_lines": 0, "num_statements": 2, "percent_covered": 0.0, "percent_covered_display": "0", "missing_lines": 2, "excluded_lines": 0}, "missing_lines": [57, 87], "excluded_lines": []}, "PerformanceMonitor.monitor_performance.decorator": {"executed_lines": [], "summary": {"covered_lines": 0, "num_statements": 2, "percent_covered": 0.0, "percent_covered_display": "0", "missing_lines": 2, "excluded_lines": 0}, "missing_lines": [58, 85], "excluded_lines": []}, "PerformanceMonitor.monitor_performance.decorator.wrapper": {"executed_lines": [], "summary": {"covered_lines": 0, "num_statements": 14, "percent_covered": 0.0, "percent_covered_display": "0", "missing_lines": 14, "excluded_lines": 0}, "missing_lines": [59, 60, 61, 62, 64, 65, 68, 69, 73, 77, 78, 79, 80, 83], "excluded_lines": []}, "DatabaseQueryOptimizer.optimize_asset_query": {"executed_lines": [], "summary": {"covered_lines": 0, "num_statements": 24, "percent_covered": 0.0, "percent_covered_display": "0", "missing_lines": 24, "excluded_lines": 0}, "missing_lines": [98, 100, 102, 104, 107, 110, 111, 112, 113, 114, 116, 117, 120, 121, 127, 130, 131, 133, 134, 138, 140, 141, 142, 145], "excluded_lines": []}, "DatabaseQueryOptimizer.optimize_history_query": {"executed_lines": [], "summary": {"covered_lines": 0, "num_statements": 14, "percent_covered": 0.0, "percent_covered_display": "0", "missing_lines": 14, "excluded_lines": 0}, "missing_lines": [152, 154, 155, 157, 159, 162, 164, 178, 179, 183, 185, 186, 187, 190], "excluded_lines": []}, "to_float": {"executed_lines": [], "summary": {"covered_lines": 0, "num_statements": 7, "percent_covered": 0.0, "percent_covered_display": "0", "missing_lines": 7, "excluded_lines": 0}, "missing_lines": [195, 196, 197, 198, 199, 200, 201], "excluded_lines": []}, "calculate_percentage": {"executed_lines": [], "summary": {"covered_lines": 0, "num_statements": 3, "percent_covered": 0.0, "percent_covered_display": "0", "missing_lines": 3, "excluded_lines": 0}, "missing_lines": [206, 207, 208], "excluded_lines": []}, "DistributionCalculator.calculate_distribution": {"executed_lines": [], "summary": {"covered_lines": 0, "num_statements": 16, "percent_covered": 0.0, "percent_covered_display": "0", "missing_lines": 16, "excluded_lines": 0}, "missing_lines": [233, 234, 236, 237, 240, 241, 242, 243, 245, 246, 249, 250, 251, 260, 262, 263], "excluded_lines": []}, "DistributionCalculator.calculate_property_nature_distribution": {"executed_lines": [], "summary": {"covered_lines": 0, "num_statements": 1, "percent_covered": 0.0, "percent_covered_display": "0", "missing_lines": 1, "excluded_lines": 0}, "missing_lines": [270], "excluded_lines": []}, "DistributionCalculator.calculate_ownership_status_distribution": {"executed_lines": [], "summary": {"covered_lines": 0, "num_statements": 1, "percent_covered": 0.0, "percent_covered_display": "0", "missing_lines": 1, "excluded_lines": 0}, "missing_lines": [277], "excluded_lines": []}, "DistributionCalculator.calculate_usage_status_distribution": {"executed_lines": [], "summary": {"covered_lines": 0, "num_statements": 1, "percent_covered": 0.0, "percent_covered_display": "0", "missing_lines": 1, "excluded_lines": 0}, "missing_lines": [284], "excluded_lines": []}, "DistributionCalculator.calculate_business_category_distribution": {"executed_lines": [], "summary": {"covered_lines": 0, "num_statements": 31, "percent_covered": 0.0, "percent_covered_display": "0", "missing_lines": 31, "excluded_lines": 0}, "missing_lines": [293, 294, 296, 298, 299, 300, 301, 304, 305, 306, 309, 310, 312, 315, 317, 318, 319, 320, 324, 326, 328, 329, 331, 332, 333, 336, 341, 343, 353, 355, 356], "excluded_lines": []}, "DistributionCalculator.calculate_area_distribution": {"executed_lines": [], "summary": {"covered_lines": 0, "num_statements": 25, "percent_covered": 0.0, "percent_covered_display": "0", "missing_lines": 25, "excluded_lines": 0}, "missing_lines": [377, 378, 380, 381, 384, 385, 386, 387, 390, 391, 394, 395, 396, 398, 400, 401, 403, 406, 407, 408, 410, 411, 425, 427, 428], "excluded_lines": []}, "DistributionCalculator.calculate_property_nature_area_distribution": {"executed_lines": [], "summary": {"covered_lines": 0, "num_statements": 1, "percent_covered": 0.0, "percent_covered_display": "0", "missing_lines": 1, "excluded_lines": 0}, "missing_lines": [435], "excluded_lines": []}, "DistributionCalculator.calculate_ownership_status_area_distribution": {"executed_lines": [], "summary": {"covered_lines": 0, "num_statements": 1, "percent_covered": 0.0, "percent_covered_display": "0", "missing_lines": 1, "excluded_lines": 0}, "missing_lines": [444], "excluded_lines": []}, "DistributionCalculator.calculate_usage_status_area_distribution": {"executed_lines": [], "summary": {"covered_lines": 0, "num_statements": 1, "percent_covered": 0.0, "percent_covered_display": "0", "missing_lines": 1, "excluded_lines": 0}, "missing_lines": [453], "excluded_lines": []}, "DistributionCalculator.calculate_business_category_area_distribution": {"executed_lines": [], "summary": {"covered_lines": 0, "num_statements": 39, "percent_covered": 0.0, "percent_covered_display": "0", "missing_lines": 39, "excluded_lines": 0}, "missing_lines": [462, 463, 465, 469, 470, 471, 472, 475, 476, 477, 480, 481, 483, 486, 487, 490, 491, 492, 494, 497, 499, 500, 501, 502, 506, 508, 510, 511, 512, 514, 515, 516, 517, 520, 524, 525, 540, 542, 543], "excluded_lines": []}, "AreaSummaryCalculator.calculate_area_summary": {"executed_lines": [], "summary": {"covered_lines": 0, "num_statements": 31, "percent_covered": 0.0, "percent_covered_display": "0", "missing_lines": 31, "excluded_lines": 0}, "missing_lines": [552, 553, 564, 576, 577, 580, 581, 582, 583, 584, 587, 588, 591, 592, 593, 596, 597, 600, 603, 604, 606, 607, 610, 615, 616, 619, 621, 624, 630, 632, 635], "excluded_lines": []}, "FinancialSummaryCalculator.calculate_financial_summary": {"executed_lines": [], "summary": {"covered_lines": 0, "num_statements": 16, "percent_covered": 0.0, "percent_covered_display": "0", "missing_lines": 16, "excluded_lines": 0}, "missing_lines": [644, 645, 653, 661, 663, 664, 665, 666, 669, 670, 671, 674, 677, 682, 684, 687], "excluded_lines": []}, "OccupancyDistributionCalculator.calculate_occupancy_distribution": {"executed_lines": [], "summary": {"covered_lines": 0, "num_statements": 16, "percent_covered": 0.0, "percent_covered_display": "0", "missing_lines": 16, "excluded_lines": 0}, "missing_lines": [696, 697, 700, 708, 709, 711, 712, 713, 714, 715, 716, 718, 719, 720, 724, 725], "excluded_lines": []}, "OccupancyTrendGenerator.generate_occupancy_trend": {"executed_lines": [], "summary": {"covered_lines": 0, "num_statements": 30, "percent_covered": 0.0, "percent_covered_display": "0", "missing_lines": 30, "excluded_lines": 0}, "missing_lines": [737, 738, 740, 742, 745, 754, 757, 758, 759, 760, 762, 763, 766, 772, 779, 782, 783, 784, 785, 788, 789, 790, 795, 804, 805, 810, 812, 814, 815, 817], "excluded_lines": []}, "OccupancyTrendGenerator._generate_current_data_trend": {"executed_lines": [], "summary": {"covered_lines": 0, "num_statements": 7, "percent_covered": 0.0, "percent_covered_display": "0", "missing_lines": 7, "excluded_lines": 0}, "missing_lines": [824, 826, 827, 828, 829, 831, 841], "excluded_lines": []}, "OccupancyTrendGenerator._analyze_historical_trends": {"executed_lines": [], "summary": {"covered_lines": 0, "num_statements": 26, "percent_covered": 0.0, "percent_covered_display": "0", "missing_lines": 26, "excluded_lines": 0}, "missing_lines": [853, 854, 857, 862, 863, 864, 865, 868, 869, 870, 871, 874, 875, 877, 878, 879, 881, 883, 886, 889, 890, 896, 899, 901, 912, 913], "excluded_lines": []}, "OccupancyTrendGenerator._build_asset_area_map": {"executed_lines": [], "summary": {"covered_lines": 0, "num_statements": 4, "percent_covered": 0.0, "percent_covered_display": "0", "missing_lines": 4, "excluded_lines": 0}, "missing_lines": [918, 919, 920, 925], "excluded_lines": []}, "OccupancyTrendGenerator._calculate_month_from_history": {"executed_lines": [], "summary": {"covered_lines": 0, "num_statements": 26, "percent_covered": 0.0, "percent_covered_display": "0", "missing_lines": 26, "excluded_lines": 0}, "missing_lines": [932, 934, 935, 936, 937, 943, 944, 945, 946, 947, 948, 949, 950, 951, 952, 953, 954, 955, 956, 957, 960, 961, 962, 964, 965, 967], "excluded_lines": []}, "OccupancyTrendGenerator._estimate_month_data": {"executed_lines": [], "summary": {"covered_lines": 0, "num_statements": 6, "percent_covered": 0.0, "percent_covered_display": "0", "missing_lines": 6, "excluded_lines": 0}, "missing_lines": [978, 979, 986, 987, 988, 994], "excluded_lines": []}, "TimeDimensionTrendGenerator.generate_quarterly_trend": {"executed_lines": [], "summary": {"covered_lines": 0, "num_statements": 30, "percent_covered": 0.0, "percent_covered_display": "0", "missing_lines": 30, "excluded_lines": 0}, "missing_lines": [1010, 1011, 1013, 1015, 1016, 1025, 1026, 1027, 1029, 1030, 1033, 1034, 1042, 1043, 1044, 1045, 1048, 1049, 1050, 1051, 1052, 1053, 1056, 1065, 1066, 1071, 1075, 1077, 1078, 1079], "excluded_lines": []}, "TimeDimensionTrendGenerator.generate_yearly_trend": {"executed_lines": [], "summary": {"covered_lines": 0, "num_statements": 28, "percent_covered": 0.0, "percent_covered_display": "0", "missing_lines": 28, "excluded_lines": 0}, "missing_lines": [1085, 1086, 1088, 1090, 1091, 1100, 1101, 1102, 1104, 1105, 1108, 1109, 1117, 1118, 1119, 1120, 1123, 1124, 1125, 1126, 1129, 1138, 1139, 1144, 1148, 1150, 1151, 1152], "excluded_lines": []}, "TimeDimensionTrendGenerator._analyze_quarterly_trends": {"executed_lines": [], "summary": {"covered_lines": 0, "num_statements": 16, "percent_covered": 0.0, "percent_covered_display": "0", "missing_lines": 16, "excluded_lines": 0}, "missing_lines": [1164, 1167, 1168, 1169, 1172, 1173, 1176, 1178, 1179, 1180, 1182, 1185, 1188, 1195, 1197, 1209], "excluded_lines": []}, "TimeDimensionTrendGenerator._analyze_yearly_trends": {"executed_lines": [], "summary": {"covered_lines": 0, "num_statements": 16, "percent_covered": 0.0, "percent_covered_display": "0", "missing_lines": 16, "excluded_lines": 0}, "missing_lines": [1216, 1219, 1220, 1221, 1222, 1223, 1226, 1228, 1229, 1230, 1232, 1235, 1238, 1245, 1247, 1257], "excluded_lines": []}, "TimeDimensionTrendGenerator._get_quarter_from_date": {"executed_lines": [], "summary": {"covered_lines": 0, "num_statements": 2, "percent_covered": 0.0, "percent_covered_display": "0", "missing_lines": 2, "excluded_lines": 0}, "missing_lines": [1262, 1263], "excluded_lines": []}, "CategoryTrendGenerator.generate_category_trends": {"executed_lines": [], "summary": {"covered_lines": 0, "num_statements": 34, "percent_covered": 0.0, "percent_covered_display": "0", "missing_lines": 34, "excluded_lines": 0}, "missing_lines": [1273, 1274, 1276, 1278, 1279, 1288, 1289, 1290, 1292, 1293, 1296, 1299, 1300, 1301, 1303, 1304, 1305, 1307, 1309, 1314, 1317, 1318, 1327, 1328, 1329, 1332, 1338, 1346, 1347, 1352, 1356, 1358, 1359, 1360], "excluded_lines": []}, "CategoryTrendGenerator._group_assets_by_category": {"executed_lines": [], "summary": {"covered_lines": 0, "num_statements": 8, "percent_covered": 0.0, "percent_covered_display": "0", "missing_lines": 8, "excluded_lines": 0}, "missing_lines": [1365, 1367, 1369, 1370, 1371, 1372, 1373, 1375], "excluded_lines": []}, "CategoryTrendGenerator._generate_category_comparison_trend": {"executed_lines": [], "summary": {"covered_lines": 0, "num_statements": 13, "percent_covered": 0.0, "percent_covered_display": "0", "missing_lines": 13, "excluded_lines": 0}, "missing_lines": [1380, 1382, 1383, 1384, 1385, 1388, 1389, 1391, 1401, 1403, 1405, 1406, 1407], "excluded_lines": []}, "CategoryTrendGenerator._generate_category_summary": {"executed_lines": [], "summary": {"covered_lines": 0, "num_statements": 26, "percent_covered": 0.0, "percent_covered_display": "0", "missing_lines": 26, "excluded_lines": 0}, "missing_lines": [1412, 1413, 1422, 1423, 1424, 1426, 1427, 1428, 1430, 1433, 1434, 1437, 1438, 1439, 1441, 1449, 1451, 1452, 1455, 1456, 1459, 1462, 1466, 1468, 1469, 1470], "excluded_lines": []}, "validate_filters": {"executed_lines": [], "summary": {"covered_lines": 0, "num_statements": 7, "percent_covered": 0.0, "percent_covered_display": "0", "missing_lines": 7, "excluded_lines": 0}, "missing_lines": [1475, 1477, 1478, 1479, 1482, 1484, 1485], "excluded_lines": []}, "create_empty_response": {"executed_lines": [], "summary": {"covered_lines": 0, "num_statements": 1, "percent_covered": 0.0, "percent_covered_display": "0", "missing_lines": 1, "excluded_lines": 0}, "missing_lines": [1490], "excluded_lines": []}, "get_comprehensive_analytics": {"executed_lines": [], "summary": {"covered_lines": 0, "num_statements": 62, "percent_covered": 0.0, "percent_covered_display": "0", "missing_lines": 62, "excluded_lines": 0}, "missing_lines": [1542, 1544, 1545, 1546, 1549, 1557, 1558, 1561, 1562, 1563, 1564, 1565, 1567, 1573, 1582, 1583, 1586, 1590, 1591, 1592, 1594, 1597, 1598, 1603, 1606, 1609, 1612, 1617, 1620, 1623, 1626, 1631, 1634, 1637, 1638, 1641, 1642, 1643, 1644, 1646, 1647, 1648, 1649, 1650, 1651, 1654, 1655, 1658, 1661, 1662, 1663, 1669, 1670, 1691, 1692, 1697, 1701, 1720, 1722, 1723, 1724, 1725], "excluded_lines": []}, "get_cache_stats": {"executed_lines": [], "summary": {"covered_lines": 0, "num_statements": 7, "percent_covered": 0.0, "percent_covered_display": "0", "missing_lines": 7, "excluded_lines": 0}, "missing_lines": [1731, 1732, 1734, 1741, 1744, 1745, 1746], "excluded_lines": []}, "clear_cache": {"executed_lines": [], "summary": {"covered_lines": 0, "num_statements": 9, "percent_covered": 0.0, "percent_covered_display": "0", "missing_lines": 9, "excluded_lines": 0}, "missing_lines": [1756, 1757, 1759, 1772, 1773, 1777, 1785, 1786, 1787], "excluded_lines": []}, "debug_cache_status": {"executed_lines": [], "summary": {"covered_lines": 0, "num_statements": 16, "percent_covered": 0.0, "percent_covered_display": "0", "missing_lines": 16, "excluded_lines": 0}, "missing_lines": [1797, 1798, 1800, 1816, 1817, 1818, 1819, 1821, 1822, 1825, 1826, 1827, 1829, 1832, 1833, 1834], "excluded_lines": []}, "": {"executed_lines": [], "summary": {"covered_lines": 0, "num_statements": 106, "percent_covered": 0.0, "percent_covered_display": "0", "missing_lines": 106, "excluded_lines": 0}, "missing_lines": [1, 3, 18, 19, 20, 21, 22, 24, 25, 27, 28, 29, 30, 33, 37, 39, 41, 44, 47, 50, 53, 54, 90, 93, 94, 147, 148, 193, 204, 211, 214, 215, 265, 266, 272, 273, 281, 282, 288, 289, 358, 359, 430, 431, 439, 440, 448, 449, 457, 458, 546, 549, 550, 638, 641, 642, 690, 693, 694, 728, 731, 732, 733, 819, 820, 843, 844, 915, 916, 927, 928, 973, 974, 1001, 1004, 1005, 1006, 1081, 1082, 1083, 1154, 1155, 1211, 1212, 1259, 1260, 1266, 1269, 1270, 1271, 1362, 1363, 1377, 1378, 1409, 1410, 1473, 1488, 1521, 1522, 1728, 1729, 1753, 1754, 1794, 1795], "excluded_lines": []}}, "classes": {"AnalyticsError": {"executed_lines": [], "summary": {"covered_lines": 0, "num_statements": 0, "percent_covered": 100.0, "percent_covered_display": "100", "missing_lines": 0, "excluded_lines": 0}, "missing_lines": [], "excluded_lines": []}, "PerformanceMonitor": {"executed_lines": [], "summary": {"covered_lines": 0, "num_statements": 18, "percent_covered": 0.0, "percent_covered_display": "0", "missing_lines": 18, "excluded_lines": 0}, "missing_lines": [57, 58, 59, 60, 61, 62, 64, 65, 68, 69, 73, 77, 78, 79, 80, 83, 85, 87], "excluded_lines": []}, "DatabaseQueryOptimizer": {"executed_lines": [], "summary": {"covered_lines": 0, "num_statements": 38, "percent_covered": 0.0, "percent_covered_display": "0", "missing_lines": 38, "excluded_lines": 0}, "missing_lines": [98, 100, 102, 104, 107, 110, 111, 112, 113, 114, 116, 117, 120, 121, 127, 130, 131, 133, 134, 138, 140, 141, 142, 145, 152, 154, 155, 157, 159, 162, 164, 178, 179, 183, 185, 186, 187, 190], "excluded_lines": []}, "DistributionCalculator": {"executed_lines": [], "summary": {"covered_lines": 0, "num_statements": 117, "percent_covered": 0.0, "percent_covered_display": "0", "missing_lines": 117, "excluded_lines": 0}, "missing_lines": [233, 234, 236, 237, 240, 241, 242, 243, 245, 246, 249, 250, 251, 260, 262, 263, 270, 277, 284, 293, 294, 296, 298, 299, 300, 301, 304, 305, 306, 309, 310, 312, 315, 317, 318, 319, 320, 324, 326, 328, 329, 331, 332, 333, 336, 341, 343, 353, 355, 356, 377, 378, 380, 381, 384, 385, 386, 387, 390, 391, 394, 395, 396, 398, 400, 401, 403, 406, 407, 408, 410, 411, 425, 427, 428, 435, 444, 453, 462, 463, 465, 469, 470, 471, 472, 475, 476, 477, 480, 481, 483, 486, 487, 490, 491, 492, 494, 497, 499, 500, 501, 502, 506, 508, 510, 511, 512, 514, 515, 516, 517, 520, 524, 525, 540, 542, 543], "excluded_lines": []}, "AreaSummaryCalculator": {"executed_lines": [], "summary": {"covered_lines": 0, "num_statements": 31, "percent_covered": 0.0, "percent_covered_display": "0", "missing_lines": 31, "excluded_lines": 0}, "missing_lines": [552, 553, 564, 576, 577, 580, 581, 582, 583, 584, 587, 588, 591, 592, 593, 596, 597, 600, 603, 604, 606, 607, 610, 615, 616, 619, 621, 624, 630, 632, 635], "excluded_lines": []}, "FinancialSummaryCalculator": {"executed_lines": [], "summary": {"covered_lines": 0, "num_statements": 16, "percent_covered": 0.0, "percent_covered_display": "0", "missing_lines": 16, "excluded_lines": 0}, "missing_lines": [644, 645, 653, 661, 663, 664, 665, 666, 669, 670, 671, 674, 677, 682, 684, 687], "excluded_lines": []}, "OccupancyDistributionCalculator": {"executed_lines": [], "summary": {"covered_lines": 0, "num_statements": 16, "percent_covered": 0.0, "percent_covered_display": "0", "missing_lines": 16, "excluded_lines": 0}, "missing_lines": [696, 697, 700, 708, 709, 711, 712, 713, 714, 715, 716, 718, 719, 720, 724, 725], "excluded_lines": []}, "OccupancyTrendGenerator": {"executed_lines": [], "summary": {"covered_lines": 0, "num_statements": 99, "percent_covered": 0.0, "percent_covered_display": "0", "missing_lines": 99, "excluded_lines": 0}, "missing_lines": [737, 738, 740, 742, 745, 754, 757, 758, 759, 760, 762, 763, 766, 772, 779, 782, 783, 784, 785, 788, 789, 790, 795, 804, 805, 810, 812, 814, 815, 817, 824, 826, 827, 828, 829, 831, 841, 853, 854, 857, 862, 863, 864, 865, 868, 869, 870, 871, 874, 875, 877, 878, 879, 881, 883, 886, 889, 890, 896, 899, 901, 912, 913, 918, 919, 920, 925, 932, 934, 935, 936, 937, 943, 944, 945, 946, 947, 948, 949, 950, 951, 952, 953, 954, 955, 956, 957, 960, 961, 962, 964, 965, 967, 978, 979, 986, 987, 988, 994], "excluded_lines": []}, "TimeDimensionTrendGenerator": {"executed_lines": [], "summary": {"covered_lines": 0, "num_statements": 92, "percent_covered": 0.0, "percent_covered_display": "0", "missing_lines": 92, "excluded_lines": 0}, "missing_lines": [1010, 1011, 1013, 1015, 1016, 1025, 1026, 1027, 1029, 1030, 1033, 1034, 1042, 1043, 1044, 1045, 1048, 1049, 1050, 1051, 1052, 1053, 1056, 1065, 1066, 1071, 1075, 1077, 1078, 1079, 1085, 1086, 1088, 1090, 1091, 1100, 1101, 1102, 1104, 1105, 1108, 1109, 1117, 1118, 1119, 1120, 1123, 1124, 1125, 1126, 1129, 1138, 1139, 1144, 1148, 1150, 1151, 1152, 1164, 1167, 1168, 1169, 1172, 1173, 1176, 1178, 1179, 1180, 1182, 1185, 1188, 1195, 1197, 1209, 1216, 1219, 1220, 1221, 1222, 1223, 1226, 1228, 1229, 1230, 1232, 1235, 1238, 1245, 1247, 1257, 1262, 1263], "excluded_lines": []}, "CategoryTrendGenerator": {"executed_lines": [], "summary": {"covered_lines": 0, "num_statements": 81, "percent_covered": 0.0, "percent_covered_display": "0", "missing_lines": 81, "excluded_lines": 0}, "missing_lines": [1273, 1274, 1276, 1278, 1279, 1288, 1289, 1290, 1292, 1293, 1296, 1299, 1300, 1301, 1303, 1304, 1305, 1307, 1309, 1314, 1317, 1318, 1327, 1328, 1329, 1332, 1338, 1346, 1347, 1352, 1356, 1358, 1359, 1360, 1365, 1367, 1369, 1370, 1371, 1372, 1373, 1375, 1380, 1382, 1383, 1384, 1385, 1388, 1389, 1391, 1401, 1403, 1405, 1406, 1407, 1412, 1413, 1422, 1423, 1424, 1426, 1427, 1428, 1430, 1433, 1434, 1437, 1438, 1439, 1441, 1449, 1451, 1452, 1455, 1456, 1459, 1462, 1466, 1468, 1469, 1470], "excluded_lines": []}, "": {"executed_lines": [], "summary": {"covered_lines": 0, "num_statements": 218, "percent_covered": 0.0, "percent_covered_display": "0", "missing_lines": 218, "excluded_lines": 0}, "missing_lines": [1, 3, 18, 19, 20, 21, 22, 24, 25, 27, 28, 29, 30, 33, 37, 39, 41, 44, 47, 50, 53, 54, 90, 93, 94, 147, 148, 193, 195, 196, 197, 198, 199, 200, 201, 204, 206, 207, 208, 211, 214, 215, 265, 266, 272, 273, 281, 282, 288, 289, 358, 359, 430, 431, 439, 440, 448, 449, 457, 458, 546, 549, 550, 638, 641, 642, 690, 693, 694, 728, 731, 732, 733, 819, 820, 843, 844, 915, 916, 927, 928, 973, 974, 1001, 1004, 1005, 1006, 1081, 1082, 1083, 1154, 1155, 1211, 1212, 1259, 1260, 1266, 1269, 1270, 1271, 1362, 1363, 1377, 1378, 1409, 1410, 1473, 1475, 1477, 1478, 1479, 1482, 1484, 1485, 1488, 1490, 1521, 1522, 1542, 1544, 1545, 1546, 1549, 1557, 1558, 1561, 1562, 1563, 1564, 1565, 1567, 1573, 1582, 1583, 1586, 1590, 1591, 1592, 1594, 1597, 1598, 1603, 1606, 1609, 1612, 1617, 1620, 1623, 1626, 1631, 1634, 1637, 1638, 1641, 1642, 1643, 1644, 1646, 1647, 1648, 1649, 1650, 1651, 1654, 1655, 1658, 1661, 1662, 1663, 1669, 1670, 1691, 1692, 1697, 1701, 1720, 1722, 1723, 1724, 1725, 1728, 1729, 1731, 1732, 1734, 1741, 1744, 1745, 1746, 1753, 1754, 1756, 1757, 1759, 1772, 1773, 1777, 1785, 1786, 1787, 1794, 1795, 1797, 1798, 1800, 1816, 1817, 1818, 1819, 1821, 1822, 1825, 1826, 1827, 1829, 1832, 1833, 1834], "excluded_lines": []}}}, "src\\api\\v1\\assets.py": {"executed_lines": [2, 3, 6, 7, 10, 11, 14, 18, 19, 20, 21, 23, 33, 34, 35, 36, 38, 39, 40, 41, 44, 45, 46, 47, 63, 66, 160, 161, 239, 240, 261, 262, 283, 284, 303, 304, 323, 324, 346, 347, 368, 369, 400, 401, 442, 443, 470, 471, 497, 498, 525, 526, 669, 670, 749, 750, 818, 819, 865, 866, 904, 905, 945, 948, 1016, 1019, 1144, 1145, 1270, 1275, 1320, 1321, 1398, 1399, 1442, 1443], "summary": {"covered_lines": 76, "num_statements": 548, "percent_covered": 13.86861313868613, "percent_covered_display": "14", "missing_lines": 472, "excluded_lines": 0}, "missing_lines": [192, 194, 195, 196, 197, 198, 199, 200, 201, 202, 203, 204, 205, 206, 207, 208, 209, 210, 211, 212, 215, 220, 224, 232, 233, 244, 246, 255, 257, 258, 266, 268, 277, 279, 280, 288, 290, 298, 299, 300, 308, 310, 318, 319, 320, 328, 330, 338, 339, 340, 357, 358, 359, 360, 361, 362, 363, 364, 365, 380, 382, 385, 386, 391, 392, 394, 395, 396, 397, 414, 416, 417, 418, 421, 422, 425, 426, 431, 434, 436, 437, 438, 439, 454, 456, 457, 458, 461, 462, 464, 465, 466, 467, 481, 483, 484, 485, 488, 489, 491, 492, 493, 494, 504, 505, 508, 510, 517, 518, 519, 521, 522, 532, 533, 535, 538, 543, 544, 545, 546, 547, 550, 551, 554, 557, 560, 565, 574, 579, 580, 581, 586, 599, 600, 601, 602, 603, 604, 605, 606, 608, 609, 610, 612, 613, 616, 626, 627, 628, 630, 656, 658, 660, 661, 662, 663, 676, 677, 679, 682, 685, 694, 695, 696, 697, 698, 699, 700, 701, 703, 704, 705, 707, 708, 709, 714, 719, 720, 721, 723, 733, 735, 737, 738, 739, 740, 762, 764, 765, 766, 769, 770, 772, 773, 775, 776, 778, 779, 780, 783, 784, 785, 786, 788, 789, 790, 793, 794, 795, 798, 799, 801, 803, 804, 806, 812, 813, 814, 815, 829, 831, 832, 833, 836, 838, 839, 841, 842, 843, 844, 845, 847, 857, 859, 860, 861, 862, 878, 880, 881, 882, 885, 887, 888, 891, 892, 894, 896, 897, 898, 899, 900, 901, 917, 919, 920, 921, 924, 926, 927, 930, 932, 934, 935, 936, 937, 938, 939, 960, 962, 963, 964, 966, 968, 969, 970, 971, 972, 974, 975, 977, 978, 979, 980, 981, 984, 986, 987, 990, 1000, 1001, 1002, 1004, 1012, 1013, 1030, 1031, 1032, 1033, 1035, 1036, 1039, 1040, 1048, 1049, 1050, 1052, 1055, 1057, 1058, 1059, 1060, 1067, 1070, 1081, 1082, 1083, 1084, 1085, 1086, 1087, 1092, 1099, 1100, 1101, 1103, 1105, 1107, 1108, 1115, 1116, 1117, 1120, 1127, 1128, 1129, 1131, 1133, 1140, 1141, 1158, 1159, 1160, 1161, 1162, 1163, 1164, 1166, 1167, 1169, 1170, 1172, 1173, 1180, 1181, 1184, 1185, 1186, 1188, 1193, 1194, 1196, 1198, 1199, 1202, 1204, 1205, 1206, 1207, 1209, 1211, 1218, 1221, 1222, 1224, 1226, 1227, 1230, 1231, 1235, 1236, 1237, 1238, 1241, 1253, 1254, 1255, 1257, 1266, 1267, 1286, 1287, 1288, 1289, 1290, 1292, 1293, 1295, 1296, 1297, 1298, 1299, 1303, 1305, 1306, 1307, 1309, 1316, 1317, 1346, 1348, 1349, 1350, 1351, 1352, 1353, 1354, 1355, 1356, 1357, 1358, 1361, 1362, 1363, 1364, 1366, 1369, 1374, 1375, 1376, 1377, 1380, 1381, 1382, 1383, 1385, 1388, 1394, 1395, 1409, 1410, 1411, 1412, 1415, 1418, 1419, 1420, 1421, 1424, 1425, 1426, 1427, 1429, 1432, 1438, 1439, 1453, 1454, 1455, 1456, 1459, 1460, 1461, 1462, 1463, 1464, 1465, 1466, 1467, 1469, 1475, 1476], "excluded_lines": [], "functions": {"get_assets": {"executed_lines": [], "summary": {"covered_lines": 0, "num_statements": 25, "percent_covered": 0.0, "percent_covered_display": "0", "missing_lines": 25, "excluded_lines": 0}, "missing_lines": [192, 194, 195, 196, 197, 198, 199, 200, 201, 202, 203, 204, 205, 206, 207, 208, 209, 210, 211, 212, 215, 220, 224, 232, 233], "excluded_lines": []}, "get_ownership_entities": {"executed_lines": [], "summary": {"covered_lines": 0, "num_statements": 5, "percent_covered": 0.0, "percent_covered_display": "0", "missing_lines": 5, "excluded_lines": 0}, "missing_lines": [244, 246, 255, 257, 258], "excluded_lines": []}, "get_business_categories": {"executed_lines": [], "summary": {"covered_lines": 0, "num_statements": 5, "percent_covered": 0.0, "percent_covered_display": "0", "missing_lines": 5, "excluded_lines": 0}, "missing_lines": [266, 268, 277, 279, 280], "excluded_lines": []}, "get_usage_statuses": {"executed_lines": [], "summary": {"covered_lines": 0, "num_statements": 5, "percent_covered": 0.0, "percent_covered_display": "0", "missing_lines": 5, "excluded_lines": 0}, "missing_lines": [288, 290, 298, 299, 300], "excluded_lines": []}, "get_property_natures": {"executed_lines": [], "summary": {"covered_lines": 0, "num_statements": 5, "percent_covered": 0.0, "percent_covered_display": "0", "missing_lines": 5, "excluded_lines": 0}, "missing_lines": [308, 310, 318, 319, 320], "excluded_lines": []}, "get_ownership_statuses": {"executed_lines": [], "summary": {"covered_lines": 0, "num_statements": 5, "percent_covered": 0.0, "percent_covered_display": "0", "missing_lines": 5, "excluded_lines": 0}, "missing_lines": [328, 330, 338, 339, 340], "excluded_lines": []}, "get_asset": {"executed_lines": [], "summary": {"covered_lines": 0, "num_statements": 9, "percent_covered": 0.0, "percent_covered_display": "0", "missing_lines": 9, "excluded_lines": 0}, "missing_lines": [357, 358, 359, 360, 361, 362, 363, 364, 365], "excluded_lines": []}, "create_asset": {"executed_lines": [], "summary": {"covered_lines": 0, "num_statements": 10, "percent_covered": 0.0, "percent_covered_display": "0", "missing_lines": 10, "excluded_lines": 0}, "missing_lines": [380, 382, 385, 386, 391, 392, 394, 395, 396, 397], "excluded_lines": []}, "update_asset": {"executed_lines": [], "summary": {"covered_lines": 0, "num_statements": 14, "percent_covered": 0.0, "percent_covered_display": "0", "missing_lines": 14, "excluded_lines": 0}, "missing_lines": [414, 416, 417, 418, 421, 422, 425, 426, 431, 434, 436, 437, 438, 439], "excluded_lines": []}, "delete_asset": {"executed_lines": [], "summary": {"covered_lines": 0, "num_statements": 10, "percent_covered": 0.0, "percent_covered_display": "0", "missing_lines": 10, "excluded_lines": 0}, "missing_lines": [454, 456, 457, 458, 461, 462, 464, 465, 466, 467], "excluded_lines": []}, "get_asset_history": {"executed_lines": [], "summary": {"covered_lines": 0, "num_statements": 10, "percent_covered": 0.0, "percent_covered_display": "0", "missing_lines": 10, "excluded_lines": 0}, "missing_lines": [481, 483, 484, 485, 488, 489, 491, 492, 493, 494], "excluded_lines": []}, "test_statistics": {"executed_lines": [], "summary": {"covered_lines": 0, "num_statements": 9, "percent_covered": 0.0, "percent_covered_display": "0", "missing_lines": 9, "excluded_lines": 0}, "missing_lines": [504, 505, 508, 510, 517, 518, 519, 521, 522], "excluded_lines": []}, "get_asset_statistics": {"executed_lines": [], "summary": {"covered_lines": 0, "num_statements": 37, "percent_covered": 0.0, "percent_covered_display": "0", "missing_lines": 37, "excluded_lines": 0}, "missing_lines": [532, 533, 535, 538, 543, 544, 545, 546, 547, 550, 551, 554, 557, 560, 565, 574, 579, 580, 581, 586, 599, 608, 609, 610, 612, 613, 616, 626, 627, 628, 630, 656, 658, 660, 661, 662, 663], "excluded_lines": []}, "get_asset_statistics.to_float": {"executed_lines": [], "summary": {"covered_lines": 0, "num_statements": 7, "percent_covered": 0.0, "percent_covered_display": "0", "missing_lines": 7, "excluded_lines": 0}, "missing_lines": [600, 601, 602, 603, 604, 605, 606], "excluded_lines": []}, "get_asset_area_statistics": {"executed_lines": [], "summary": {"covered_lines": 0, "num_statements": 23, "percent_covered": 0.0, "percent_covered_display": "0", "missing_lines": 23, "excluded_lines": 0}, "missing_lines": [676, 677, 679, 682, 685, 694, 703, 704, 705, 707, 708, 709, 714, 719, 720, 721, 723, 733, 735, 737, 738, 739, 740], "excluded_lines": []}, "get_asset_area_statistics.to_float": {"executed_lines": [], "summary": {"covered_lines": 0, "num_statements": 7, "percent_covered": 0.0, "percent_covered_display": "0", "missing_lines": 7, "excluded_lines": 0}, "missing_lines": [695, 696, 697, 698, 699, 700, 701], "excluded_lines": []}, "upload_asset_attachments": {"executed_lines": [], "summary": {"covered_lines": 0, "num_statements": 33, "percent_covered": 0.0, "percent_covered_display": "0", "missing_lines": 33, "excluded_lines": 0}, "missing_lines": [762, 764, 765, 766, 769, 770, 772, 773, 775, 776, 778, 779, 780, 783, 784, 785, 786, 788, 789, 790, 793, 794, 795, 798, 799, 801, 803, 804, 806, 812, 813, 814, 815], "excluded_lines": []}, "get_asset_attachments": {"executed_lines": [], "summary": {"covered_lines": 0, "num_statements": 18, "percent_covered": 0.0, "percent_covered_display": "0", "missing_lines": 18, "excluded_lines": 0}, "missing_lines": [829, 831, 832, 833, 836, 838, 839, 841, 842, 843, 844, 845, 847, 857, 859, 860, 861, 862], "excluded_lines": []}, "download_asset_attachment": {"executed_lines": [], "summary": {"covered_lines": 0, "num_statements": 16, "percent_covered": 0.0, "percent_covered_display": "0", "missing_lines": 16, "excluded_lines": 0}, "missing_lines": [878, 880, 881, 882, 885, 887, 888, 891, 892, 894, 896, 897, 898, 899, 900, 901], "excluded_lines": []}, "delete_asset_attachment": {"executed_lines": [], "summary": {"covered_lines": 0, "num_statements": 15, "percent_covered": 0.0, "percent_covered_display": "0", "missing_lines": 15, "excluded_lines": 0}, "missing_lines": [917, 919, 920, 921, 924, 926, 927, 930, 932, 934, 935, 936, 937, 938, 939], "excluded_lines": []}, "batch_update_assets": {"executed_lines": [], "summary": {"covered_lines": 0, "num_statements": 27, "percent_covered": 0.0, "percent_covered_display": "0", "missing_lines": 27, "excluded_lines": 0}, "missing_lines": [960, 962, 963, 964, 966, 968, 969, 970, 971, 972, 974, 975, 977, 978, 979, 980, 981, 984, 986, 987, 990, 1000, 1001, 1002, 1004, 1012, 1013], "excluded_lines": []}, "validate_asset_data": {"executed_lines": [], "summary": {"covered_lines": 0, "num_statements": 45, "percent_covered": 0.0, "percent_covered_display": "0", "missing_lines": 45, "excluded_lines": 0}, "missing_lines": [1030, 1031, 1032, 1033, 1035, 1036, 1039, 1040, 1048, 1049, 1050, 1052, 1055, 1057, 1058, 1059, 1060, 1067, 1070, 1081, 1082, 1083, 1084, 1085, 1086, 1087, 1092, 1099, 1100, 1101, 1103, 1105, 1107, 1108, 1115, 1116, 1117, 1120, 1127, 1128, 1129, 1131, 1133, 1140, 1141], "excluded_lines": []}, "import_assets": {"executed_lines": [], "summary": {"covered_lines": 0, "num_statements": 50, "percent_covered": 0.0, "percent_covered_display": "0", "missing_lines": 50, "excluded_lines": 0}, "missing_lines": [1158, 1159, 1160, 1161, 1162, 1163, 1164, 1166, 1167, 1169, 1170, 1172, 1173, 1180, 1181, 1184, 1185, 1186, 1188, 1193, 1194, 1196, 1198, 1199, 1202, 1204, 1205, 1206, 1207, 1209, 1211, 1218, 1221, 1222, 1224, 1226, 1227, 1230, 1231, 1235, 1236, 1237, 1238, 1241, 1253, 1254, 1255, 1257, 1266, 1267], "excluded_lines": []}, "batch_update_custom_fields": {"executed_lines": [], "summary": {"covered_lines": 0, "num_statements": 19, "percent_covered": 0.0, "percent_covered_display": "0", "missing_lines": 19, "excluded_lines": 0}, "missing_lines": [1286, 1287, 1288, 1289, 1290, 1292, 1293, 1295, 1296, 1297, 1298, 1299, 1303, 1305, 1306, 1307, 1309, 1316, 1317], "excluded_lines": []}, "get_all_assets": {"executed_lines": [], "summary": {"covered_lines": 0, "num_statements": 30, "percent_covered": 0.0, "percent_covered_display": "0", "missing_lines": 30, "excluded_lines": 0}, "missing_lines": [1346, 1348, 1349, 1350, 1351, 1352, 1353, 1354, 1355, 1356, 1357, 1358, 1361, 1362, 1363, 1364, 1366, 1369, 1374, 1375, 1376, 1377, 1380, 1381, 1382, 1383, 1385, 1388, 1394, 1395], "excluded_lines": []}, "get_assets_by_ids": {"executed_lines": [], "summary": {"covered_lines": 0, "num_statements": 17, "percent_covered": 0.0, "percent_covered_display": "0", "missing_lines": 17, "excluded_lines": 0}, "missing_lines": [1409, 1410, 1411, 1412, 1415, 1418, 1419, 1420, 1421, 1424, 1425, 1426, 1427, 1429, 1432, 1438, 1439], "excluded_lines": []}, "batch_delete_assets": {"executed_lines": [], "summary": {"covered_lines": 0, "num_statements": 16, "percent_covered": 0.0, "percent_covered_display": "0", "missing_lines": 16, "excluded_lines": 0}, "missing_lines": [1453, 1454, 1455, 1456, 1459, 1460, 1461, 1462, 1463, 1464, 1465, 1466, 1467, 1469, 1475, 1476], "excluded_lines": []}, "": {"executed_lines": [2, 3, 6, 7, 10, 11, 14, 18, 19, 20, 21, 23, 33, 34, 35, 36, 38, 39, 40, 41, 44, 45, 46, 47, 63, 66, 160, 161, 239, 240, 261, 262, 283, 284, 303, 304, 323, 324, 346, 347, 368, 369, 400, 401, 442, 443, 470, 471, 497, 498, 525, 526, 669, 670, 749, 750, 818, 819, 865, 866, 904, 905, 945, 948, 1016, 1019, 1144, 1145, 1270, 1275, 1320, 1321, 1398, 1399, 1442, 1443], "summary": {"covered_lines": 76, "num_statements": 76, "percent_covered": 100.0, "percent_covered_display": "100", "missing_lines": 0, "excluded_lines": 0}, "missing_lines": [], "excluded_lines": []}}, "classes": {"AssetNotFoundError": {"executed_lines": [], "summary": {"covered_lines": 0, "num_statements": 0, "percent_covered": 100.0, "percent_covered_display": "100", "missing_lines": 0, "excluded_lines": 0}, "missing_lines": [], "excluded_lines": []}, "DuplicateAssetError": {"executed_lines": [], "summary": {"covered_lines": 0, "num_statements": 0, "percent_covered": 100.0, "percent_covered_display": "100", "missing_lines": 0, "excluded_lines": 0}, "missing_lines": [], "excluded_lines": []}, "NotFoundError": {"executed_lines": [], "summary": {"covered_lines": 0, "num_statements": 0, "percent_covered": 100.0, "percent_covered_display": "100", "missing_lines": 0, "excluded_lines": 0}, "missing_lines": [], "excluded_lines": []}, "": {"executed_lines": [2, 3, 6, 7, 10, 11, 14, 18, 19, 20, 21, 23, 33, 34, 35, 36, 38, 39, 40, 41, 44, 45, 46, 47, 63, 66, 160, 161, 239, 240, 261, 262, 283, 284, 303, 304, 323, 324, 346, 347, 368, 369, 400, 401, 442, 443, 470, 471, 497, 498, 525, 526, 669, 670, 749, 750, 818, 819, 865, 866, 904, 905, 945, 948, 1016, 1019, 1144, 1145, 1270, 1275, 1320, 1321, 1398, 1399, 1442, 1443], "summary": {"covered_lines": 76, "num_statements": 548, "percent_covered": 13.86861313868613, "percent_covered_display": "14", "missing_lines": 472, "excluded_lines": 0}, "missing_lines": [192, 194, 195, 196, 197, 198, 199, 200, 201, 202, 203, 204, 205, 206, 207, 208, 209, 210, 211, 212, 215, 220, 224, 232, 233, 244, 246, 255, 257, 258, 266, 268, 277, 279, 280, 288, 290, 298, 299, 300, 308, 310, 318, 319, 320, 328, 330, 338, 339, 340, 357, 358, 359, 360, 361, 362, 363, 364, 365, 380, 382, 385, 386, 391, 392, 394, 395, 396, 397, 414, 416, 417, 418, 421, 422, 425, 426, 431, 434, 436, 437, 438, 439, 454, 456, 457, 458, 461, 462, 464, 465, 466, 467, 481, 483, 484, 485, 488, 489, 491, 492, 493, 494, 504, 505, 508, 510, 517, 518, 519, 521, 522, 532, 533, 535, 538, 543, 544, 545, 546, 547, 550, 551, 554, 557, 560, 565, 574, 579, 580, 581, 586, 599, 600, 601, 602, 603, 604, 605, 606, 608, 609, 610, 612, 613, 616, 626, 627, 628, 630, 656, 658, 660, 661, 662, 663, 676, 677, 679, 682, 685, 694, 695, 696, 697, 698, 699, 700, 701, 703, 704, 705, 707, 708, 709, 714, 719, 720, 721, 723, 733, 735, 737, 738, 739, 740, 762, 764, 765, 766, 769, 770, 772, 773, 775, 776, 778, 779, 780, 783, 784, 785, 786, 788, 789, 790, 793, 794, 795, 798, 799, 801, 803, 804, 806, 812, 813, 814, 815, 829, 831, 832, 833, 836, 838, 839, 841, 842, 843, 844, 845, 847, 857, 859, 860, 861, 862, 878, 880, 881, 882, 885, 887, 888, 891, 892, 894, 896, 897, 898, 899, 900, 901, 917, 919, 920, 921, 924, 926, 927, 930, 932, 934, 935, 936, 937, 938, 939, 960, 962, 963, 964, 966, 968, 969, 970, 971, 972, 974, 975, 977, 978, 979, 980, 981, 984, 986, 987, 990, 1000, 1001, 1002, 1004, 1012, 1013, 1030, 1031, 1032, 1033, 1035, 1036, 1039, 1040, 1048, 1049, 1050, 1052, 1055, 1057, 1058, 1059, 1060, 1067, 1070, 1081, 1082, 1083, 1084, 1085, 1086, 1087, 1092, 1099, 1100, 1101, 1103, 1105, 1107, 1108, 1115, 1116, 1117, 1120, 1127, 1128, 1129, 1131, 1133, 1140, 1141, 1158, 1159, 1160, 1161, 1162, 1163, 1164, 1166, 1167, 1169, 1170, 1172, 1173, 1180, 1181, 1184, 1185, 1186, 1188, 1193, 1194, 1196, 1198, 1199, 1202, 1204, 1205, 1206, 1207, 1209, 1211, 1218, 1221, 1222, 1224, 1226, 1227, 1230, 1231, 1235, 1236, 1237, 1238, 1241, 1253, 1254, 1255, 1257, 1266, 1267, 1286, 1287, 1288, 1289, 1290, 1292, 1293, 1295, 1296, 1297, 1298, 1299, 1303, 1305, 1306, 1307, 1309, 1316, 1317, 1346, 1348, 1349, 1350, 1351, 1352, 1353, 1354, 1355, 1356, 1357, 1358, 1361, 1362, 1363, 1364, 1366, 1369, 1374, 1375, 1376, 1377, 1380, 1381, 1382, 1383, 1385, 1388, 1394, 1395, 1409, 1410, 1411, 1412, 1415, 1418, 1419, 1420, 1421, 1424, 1425, 1426, 1427, 1429, 1432, 1438, 1439, 1453, 1454, 1455, 1456, 1459, 1460, 1461, 1462, 1463, 1464, 1465, 1466, 1467, 1469, 1475, 1476], "excluded_lines": []}}}, "src\\api\\v1\\auth.py": {"executed_lines": [1, 2, 4, 7, 8, 10, 13, 14, 16, 19, 23, 25, 26, 28, 29, 30, 31, 43, 44, 46, 49, 50, 122, 123, 162, 163, 201, 202, 226, 227, 236, 237, 262, 263, 264, 300, 301, 320, 321, 347, 348, 376, 377, 419, 420, 421, 441, 442, 462, 463, 483, 486, 496, 497, 519, 520, 533, 534], "summary": {"covered_lines": 55, "num_statements": 172, "percent_covered": 31.976744186046513, "percent_covered_display": "32", "missing_lines": 117, "excluded_lines": 0}, "missing_lines": [60, 61, 62, 65, 66, 68, 70, 73, 75, 76, 77, 86, 91, 94, 102, 114, 118, 119, 135, 136, 139, 140, 143, 146, 159, 172, 175, 176, 177, 182, 183, 185, 186, 191, 194, 195, 196, 198, 210, 213, 229, 239, 242, 243, 244, 247, 259, 276, 279, 289, 291, 312, 313, 314, 315, 316, 317, 332, 335, 336, 340, 341, 342, 344, 361, 364, 365, 369, 370, 371, 372, 373, 390, 391, 394, 395, 399, 400, 401, 403, 404, 409, 410, 412, 415, 416, 432, 434, 435, 436, 438, 453, 455, 456, 457, 459, 474, 476, 477, 478, 480, 491, 492, 493, 503, 504, 506, 507, 508, 510, 511, 512, 514, 528, 529, 530, 538], "excluded_lines": [], "functions": {"login": {"executed_lines": [], "summary": {"covered_lines": 0, "num_statements": 18, "percent_covered": 0.0, "percent_covered_display": "0", "missing_lines": 18, "excluded_lines": 0}, "missing_lines": [60, 61, 62, 65, 66, 68, 70, 73, 75, 76, 77, 86, 91, 94, 102, 114, 118, 119], "excluded_lines": []}, "logout": {"executed_lines": [], "summary": {"covered_lines": 0, "num_statements": 7, "percent_covered": 0.0, "percent_covered_display": "0", "missing_lines": 7, "excluded_lines": 0}, "missing_lines": [135, 136, 139, 140, 143, 146, 159], "excluded_lines": []}, "refresh_token": {"executed_lines": [], "summary": {"covered_lines": 0, "num_statements": 13, "percent_covered": 0.0, "percent_covered_display": "0", "missing_lines": 13, "excluded_lines": 0}, "missing_lines": [172, 175, 176, 177, 182, 183, 185, 186, 191, 194, 195, 196, 198], "excluded_lines": []}, "get_current_user_info": {"executed_lines": [], "summary": {"covered_lines": 0, "num_statements": 2, "percent_covered": 0.0, "percent_covered_display": "0", "missing_lines": 2, "excluded_lines": 0}, "missing_lines": [210, 213], "excluded_lines": []}, "test_enhanced": {"executed_lines": [], "summary": {"covered_lines": 0, "num_statements": 1, "percent_covered": 0.0, "percent_covered_display": "0", "missing_lines": 1, "excluded_lines": 0}, "missing_lines": [229], "excluded_lines": []}, "test_me_debug": {"executed_lines": [], "summary": {"covered_lines": 0, "num_statements": 6, "percent_covered": 0.0, "percent_covered_display": "0", "missing_lines": 6, "excluded_lines": 0}, "missing_lines": [239, 242, 243, 244, 247, 259], "excluded_lines": []}, "get_users": {"executed_lines": [], "summary": {"covered_lines": 0, "num_statements": 4, "percent_covered": 0.0, "percent_covered_display": "0", "missing_lines": 4, "excluded_lines": 0}, "missing_lines": [276, 279, 289, 291], "excluded_lines": []}, "create_user": {"executed_lines": [], "summary": {"covered_lines": 0, "num_statements": 6, "percent_covered": 0.0, "percent_covered_display": "0", "missing_lines": 6, "excluded_lines": 0}, "missing_lines": [312, 313, 314, 315, 316, 317], "excluded_lines": []}, "get_user": {"executed_lines": [], "summary": {"covered_lines": 0, "num_statements": 7, "percent_covered": 0.0, "percent_covered_display": "0", "missing_lines": 7, "excluded_lines": 0}, "missing_lines": [332, 335, 336, 340, 341, 342, 344], "excluded_lines": []}, "update_user": {"executed_lines": [], "summary": {"covered_lines": 0, "num_statements": 8, "percent_covered": 0.0, "percent_covered_display": "0", "missing_lines": 8, "excluded_lines": 0}, "missing_lines": [361, 364, 365, 369, 370, 371, 372, 373], "excluded_lines": []}, "change_password": {"executed_lines": [], "summary": {"covered_lines": 0, "num_statements": 14, "percent_covered": 0.0, "percent_covered_display": "0", "missing_lines": 14, "excluded_lines": 0}, "missing_lines": [390, 391, 394, 395, 399, 400, 401, 403, 404, 409, 410, 412, 415, 416], "excluded_lines": []}, "deactivate_user": {"executed_lines": [], "summary": {"covered_lines": 0, "num_statements": 5, "percent_covered": 0.0, "percent_covered_display": "0", "missing_lines": 5, "excluded_lines": 0}, "missing_lines": [432, 434, 435, 436, 438], "excluded_lines": []}, "activate_user": {"executed_lines": [], "summary": {"covered_lines": 0, "num_statements": 5, "percent_covered": 0.0, "percent_covered_display": "0", "missing_lines": 5, "excluded_lines": 0}, "missing_lines": [453, 455, 456, 457, 459], "excluded_lines": []}, "unlock_user": {"executed_lines": [], "summary": {"covered_lines": 0, "num_statements": 5, "percent_covered": 0.0, "percent_covered_display": "0", "missing_lines": 5, "excluded_lines": 0}, "missing_lines": [474, 476, 477, 478, 480], "excluded_lines": []}, "get_user_sessions": {"executed_lines": [], "summary": {"covered_lines": 0, "num_statements": 3, "percent_covered": 0.0, "percent_covered_display": "0", "missing_lines": 3, "excluded_lines": 0}, "missing_lines": [491, 492, 493], "excluded_lines": []}, "revoke_session": {"executed_lines": [], "summary": {"covered_lines": 0, "num_statements": 9, "percent_covered": 0.0, "percent_covered_display": "0", "missing_lines": 9, "excluded_lines": 0}, "missing_lines": [503, 504, 506, 507, 508, 510, 511, 512, 514], "excluded_lines": []}, "get_audit_statistics": {"executed_lines": [], "summary": {"covered_lines": 0, "num_statements": 3, "percent_covered": 0.0, "percent_covered_display": "0", "missing_lines": 3, "excluded_lines": 0}, "missing_lines": [528, 529, 530], "excluded_lines": []}, "get_security_config": {"executed_lines": [], "summary": {"covered_lines": 0, "num_statements": 1, "percent_covered": 0.0, "percent_covered_display": "0", "missing_lines": 1, "excluded_lines": 0}, "missing_lines": [538], "excluded_lines": []}, "": {"executed_lines": [1, 2, 4, 7, 8, 10, 13, 14, 16, 19, 23, 25, 26, 28, 29, 30, 31, 43, 44, 46, 49, 50, 122, 123, 162, 163, 201, 202, 226, 227, 236, 237, 262, 263, 264, 300, 301, 320, 321, 347, 348, 376, 377, 419, 420, 421, 441, 442, 462, 463, 483, 486, 496, 497, 519, 520, 533, 534], "summary": {"covered_lines": 55, "num_statements": 55, "percent_covered": 100.0, "percent_covered_display": "100", "missing_lines": 0, "excluded_lines": 0}, "missing_lines": [], "excluded_lines": []}}, "classes": {"BusinessLogicError": {"executed_lines": [], "summary": {"covered_lines": 0, "num_statements": 0, "percent_covered": 100.0, "percent_covered_display": "100", "missing_lines": 0, "excluded_lines": 0}, "missing_lines": [], "excluded_lines": []}, "AssetNotFoundError": {"executed_lines": [], "summary": {"covered_lines": 0, "num_statements": 0, "percent_covered": 100.0, "percent_covered_display": "100", "missing_lines": 0, "excluded_lines": 0}, "missing_lines": [], "excluded_lines": []}, "DuplicateAssetError": {"executed_lines": [], "summary": {"covered_lines": 0, "num_statements": 0, "percent_covered": 100.0, "percent_covered_display": "100", "missing_lines": 0, "excluded_lines": 0}, "missing_lines": [], "excluded_lines": []}, "": {"executed_lines": [1, 2, 4, 7, 8, 10, 13, 14, 16, 19, 23, 25, 26, 28, 29, 30, 31, 43, 44, 46, 49, 50, 122, 123, 162, 163, 201, 202, 226, 227, 236, 237, 262, 263, 264, 300, 301, 320, 321, 347, 348, 376, 377, 419, 420, 421, 441, 442, 462, 463, 483, 486, 496, 497, 519, 520, 533, 534], "summary": {"covered_lines": 55, "num_statements": 172, "percent_covered": 31.976744186046513, "percent_covered_display": "32", "missing_lines": 117, "excluded_lines": 0}, "missing_lines": [60, 61, 62, 65, 66, 68, 70, 73, 75, 76, 77, 86, 91, 94, 102, 114, 118, 119, 135, 136, 139, 140, 143, 146, 159, 172, 175, 176, 177, 182, 183, 185, 186, 191, 194, 195, 196, 198, 210, 213, 229, 239, 242, 243, 244, 247, 259, 276, 279, 289, 291, 312, 313, 314, 315, 316, 317, 332, 335, 336, 340, 341, 342, 344, 361, 364, 365, 369, 370, 371, 372, 373, 390, 391, 394, 395, 399, 400, 401, 403, 404, 409, 410, 412, 415, 416, 432, 434, 435, 436, 438, 453, 455, 456, 457, 459, 474, 476, 477, 478, 480, 491, 492, 493, 503, 504, 506, 507, 508, 510, 511, 512, 514, 528, 529, 530, 538], "excluded_lines": []}}}, "src\\api\\v1\\auth_clean.py": {"executed_lines": [], "summary": {"covered_lines": 0, "num_statements": 344, "percent_covered": 0.0, "percent_covered_display": "0", "missing_lines": 344, "excluded_lines": 0}, "missing_lines": [1, 4, 7, 10, 13, 16, 19, 23, 24, 25, 27, 28, 30, 31, 32, 33, 34, 46, 47, 48, 50, 51, 54, 55, 68, 69, 70, 71, 74, 75, 76, 77, 79, 80, 87, 89, 92, 94, 95, 97, 103, 112, 117, 118, 120, 130, 133, 141, 154, 161, 165, 166, 169, 170, 183, 185, 187, 192, 196, 198, 209, 211, 212, 215, 216, 219, 220, 222, 224, 236, 237, 246, 249, 250, 251, 256, 257, 259, 260, 265, 268, 269, 270, 272, 275, 276, 277, 289, 292, 302, 304, 313, 314, 325, 326, 327, 328, 329, 330, 333, 334, 345, 348, 349, 353, 354, 355, 357, 360, 361, 374, 377, 378, 382, 383, 384, 385, 386, 389, 390, 403, 404, 407, 408, 412, 413, 414, 416, 417, 422, 423, 425, 428, 429, 432, 433, 434, 445, 447, 448, 449, 451, 454, 455, 466, 468, 469, 470, 472, 475, 476, 487, 489, 490, 491, 493, 496, 499, 504, 505, 506, 509, 510, 516, 517, 519, 520, 521, 523, 524, 525, 527, 532, 533, 541, 542, 543, 546, 547, 551, 565, 566, 570, 571, 572, 575, 576, 580, 581, 582, 585, 586, 593, 596, 598, 599, 601, 602, 604, 605, 608, 609, 618, 621, 622, 625, 629, 632, 633, 641, 644, 645, 648, 649, 651, 654, 655, 662, 664, 667, 669, 670, 677, 680, 681, 690, 693, 694, 696, 699, 700, 710, 713, 714, 717, 721, 727, 728, 733, 734, 736, 739, 740, 741, 742, 743, 744, 746, 747, 748, 749, 750, 751, 754, 755, 756, 757, 758, 759, 762, 765, 766, 768, 771, 772, 776, 777, 789, 790, 791, 797, 798, 802, 804, 806, 810, 813, 814, 816, 817, 820, 821, 823, 824, 826, 832, 833, 835, 836, 837, 843, 844, 856, 857, 860, 861, 862, 867, 868, 870, 871, 872, 874, 875, 880, 883, 884, 892, 894, 895, 898, 899, 912, 913, 916, 917, 919, 920, 925, 928, 933, 937, 938, 943, 944, 952, 954, 955, 958, 959, 972, 974, 975, 977, 980, 989, 990, 991, 1005, 1007, 1008, 1014, 1016, 1029], "excluded_lines": [], "functions": {"login": {"executed_lines": [], "summary": {"covered_lines": 0, "num_statements": 28, "percent_covered": 0.0, "percent_covered_display": "0", "missing_lines": 28, "excluded_lines": 0}, "missing_lines": [68, 69, 70, 71, 74, 75, 76, 77, 79, 80, 87, 89, 92, 94, 95, 97, 103, 112, 117, 118, 120, 130, 133, 141, 154, 161, 165, 166], "excluded_lines": []}, "logout": {"executed_lines": [], "summary": {"covered_lines": 0, "num_statements": 15, "percent_covered": 0.0, "percent_covered_display": "0", "missing_lines": 15, "excluded_lines": 0}, "missing_lines": [183, 185, 187, 192, 196, 198, 209, 211, 212, 215, 216, 219, 220, 222, 224], "excluded_lines": []}, "refresh_token": {"executed_lines": [], "summary": {"covered_lines": 0, "num_statements": 13, "percent_covered": 0.0, "percent_covered_display": "0", "missing_lines": 13, "excluded_lines": 0}, "missing_lines": [246, 249, 250, 251, 256, 257, 259, 260, 265, 268, 269, 270, 272], "excluded_lines": []}, "get_users": {"executed_lines": [], "summary": {"covered_lines": 0, "num_statements": 4, "percent_covered": 0.0, "percent_covered_display": "0", "missing_lines": 4, "excluded_lines": 0}, "missing_lines": [289, 292, 302, 304], "excluded_lines": []}, "create_user": {"executed_lines": [], "summary": {"covered_lines": 0, "num_statements": 6, "percent_covered": 0.0, "percent_covered_display": "0", "missing_lines": 6, "excluded_lines": 0}, "missing_lines": [325, 326, 327, 328, 329, 330], "excluded_lines": []}, "get_user": {"executed_lines": [], "summary": {"covered_lines": 0, "num_statements": 7, "percent_covered": 0.0, "percent_covered_display": "0", "missing_lines": 7, "excluded_lines": 0}, "missing_lines": [345, 348, 349, 353, 354, 355, 357], "excluded_lines": []}, "update_user": {"executed_lines": [], "summary": {"covered_lines": 0, "num_statements": 8, "percent_covered": 0.0, "percent_covered_display": "0", "missing_lines": 8, "excluded_lines": 0}, "missing_lines": [374, 377, 378, 382, 383, 384, 385, 386], "excluded_lines": []}, "change_password": {"executed_lines": [], "summary": {"covered_lines": 0, "num_statements": 14, "percent_covered": 0.0, "percent_covered_display": "0", "missing_lines": 14, "excluded_lines": 0}, "missing_lines": [403, 404, 407, 408, 412, 413, 414, 416, 417, 422, 423, 425, 428, 429], "excluded_lines": []}, "deactivate_user": {"executed_lines": [], "summary": {"covered_lines": 0, "num_statements": 5, "percent_covered": 0.0, "percent_covered_display": "0", "missing_lines": 5, "excluded_lines": 0}, "missing_lines": [445, 447, 448, 449, 451], "excluded_lines": []}, "activate_user": {"executed_lines": [], "summary": {"covered_lines": 0, "num_statements": 5, "percent_covered": 0.0, "percent_covered_display": "0", "missing_lines": 5, "excluded_lines": 0}, "missing_lines": [466, 468, 469, 470, 472], "excluded_lines": []}, "unlock_user": {"executed_lines": [], "summary": {"covered_lines": 0, "num_statements": 5, "percent_covered": 0.0, "percent_covered_display": "0", "missing_lines": 5, "excluded_lines": 0}, "missing_lines": [487, 489, 490, 491, 493], "excluded_lines": []}, "get_user_sessions": {"executed_lines": [], "summary": {"covered_lines": 0, "num_statements": 3, "percent_covered": 0.0, "percent_covered_display": "0", "missing_lines": 3, "excluded_lines": 0}, "missing_lines": [504, 505, 506], "excluded_lines": []}, "revoke_session": {"executed_lines": [], "summary": {"covered_lines": 0, "num_statements": 9, "percent_covered": 0.0, "percent_covered_display": "0", "missing_lines": 9, "excluded_lines": 0}, "missing_lines": [516, 517, 519, 520, 521, 523, 524, 525, 527], "excluded_lines": []}, "get_audit_statistics": {"executed_lines": [], "summary": {"covered_lines": 0, "num_statements": 3, "percent_covered": 0.0, "percent_covered_display": "0", "missing_lines": 3, "excluded_lines": 0}, "missing_lines": [541, 542, 543], "excluded_lines": []}, "get_security_config": {"executed_lines": [], "summary": {"covered_lines": 0, "num_statements": 1, "percent_covered": 0.0, "percent_covered_display": "0", "missing_lines": 1, "excluded_lines": 0}, "missing_lines": [551], "excluded_lines": []}, "validate_password_strength": {"executed_lines": [], "summary": {"covered_lines": 0, "num_statements": 3, "percent_covered": 0.0, "percent_covered_display": "0", "missing_lines": 3, "excluded_lines": 0}, "missing_lines": [570, 571, 572], "excluded_lines": []}, "generate_secure_password": {"executed_lines": [], "summary": {"covered_lines": 0, "num_statements": 3, "percent_covered": 0.0, "percent_covered_display": "0", "missing_lines": 3, "excluded_lines": 0}, "missing_lines": [580, 581, 582], "excluded_lines": []}, "get_account_security_status": {"executed_lines": [], "summary": {"covered_lines": 0, "num_statements": 8, "percent_covered": 0.0, "percent_covered_display": "0", "missing_lines": 8, "excluded_lines": 0}, "missing_lines": [593, 596, 598, 599, 601, 602, 604, 605], "excluded_lines": []}, "get_security_audit_log": {"executed_lines": [], "summary": {"covered_lines": 0, "num_statements": 5, "percent_covered": 0.0, "percent_covered_display": "0", "missing_lines": 5, "excluded_lines": 0}, "missing_lines": [618, 621, 622, 625, 629], "excluded_lines": []}, "generate_security_report": {"executed_lines": [], "summary": {"covered_lines": 0, "num_statements": 6, "percent_covered": 0.0, "percent_covered_display": "0", "missing_lines": 6, "excluded_lines": 0}, "missing_lines": [641, 644, 645, 648, 649, 651], "excluded_lines": []}, "revoke_all_sessions": {"executed_lines": [], "summary": {"covered_lines": 0, "num_statements": 6, "percent_covered": 0.0, "percent_covered_display": "0", "missing_lines": 6, "excluded_lines": 0}, "missing_lines": [662, 664, 667, 669, 670, 677], "excluded_lines": []}, "get_admin_security_report": {"executed_lines": [], "summary": {"covered_lines": 0, "num_statements": 4, "percent_covered": 0.0, "percent_covered_display": "0", "missing_lines": 4, "excluded_lines": 0}, "missing_lines": [690, 693, 694, 696], "excluded_lines": []}, "get_admin_audit_log": {"executed_lines": [], "summary": {"covered_lines": 0, "num_statements": 5, "percent_covered": 0.0, "percent_covered_display": "0", "missing_lines": 5, "excluded_lines": 0}, "missing_lines": [710, 713, 714, 717, 721], "excluded_lines": []}, "debug_current_user_profile": {"executed_lines": [], "summary": {"covered_lines": 0, "num_statements": 22, "percent_covered": 0.0, "percent_covered_display": "0", "missing_lines": 22, "excluded_lines": 0}, "missing_lines": [733, 734, 736, 739, 740, 741, 742, 743, 744, 746, 747, 748, 749, 750, 751, 754, 755, 756, 757, 758, 759, 762], "excluded_lines": []}, "test_auth": {"executed_lines": [], "summary": {"covered_lines": 0, "num_statements": 1, "percent_covered": 0.0, "percent_covered_display": "0", "missing_lines": 1, "excluded_lines": 0}, "missing_lines": [768], "excluded_lines": []}, "test_auth_endpoint": {"executed_lines": [], "summary": {"covered_lines": 0, "num_statements": 5, "percent_covered": 0.0, "percent_covered_display": "0", "missing_lines": 5, "excluded_lines": 0}, "missing_lines": [776, 777, 789, 790, 791], "excluded_lines": []}, "debug_auth_dependency": {"executed_lines": [], "summary": {"covered_lines": 0, "num_statements": 18, "percent_covered": 0.0, "percent_covered_display": "0", "missing_lines": 18, "excluded_lines": 0}, "missing_lines": [802, 804, 806, 810, 813, 814, 816, 817, 820, 821, 823, 824, 826, 832, 833, 835, 836, 837], "excluded_lines": []}, "update_user_profile": {"executed_lines": [], "summary": {"covered_lines": 0, "num_statements": 18, "percent_covered": 0.0, "percent_covered_display": "0", "missing_lines": 18, "excluded_lines": 0}, "missing_lines": [856, 857, 860, 861, 862, 867, 868, 870, 871, 872, 874, 875, 880, 883, 884, 892, 894, 895], "excluded_lines": []}, "change_user_password": {"executed_lines": [], "summary": {"covered_lines": 0, "num_statements": 16, "percent_covered": 0.0, "percent_covered_display": "0", "missing_lines": 16, "excluded_lines": 0}, "missing_lines": [912, 913, 916, 917, 919, 920, 925, 928, 933, 937, 938, 943, 944, 952, 954, 955], "excluded_lines": []}, "get_user_activity": {"executed_lines": [], "summary": {"covered_lines": 0, "num_statements": 11, "percent_covered": 0.0, "percent_covered_display": "0", "missing_lines": 11, "excluded_lines": 0}, "missing_lines": [972, 974, 975, 977, 980, 989, 990, 991, 1005, 1007, 1008], "excluded_lines": []}, "_get_action_display_name": {"executed_lines": [], "summary": {"covered_lines": 0, "num_statements": 2, "percent_covered": 0.0, "percent_covered_display": "0", "missing_lines": 2, "excluded_lines": 0}, "missing_lines": [1016, 1029], "excluded_lines": []}, "": {"executed_lines": [], "summary": {"covered_lines": 0, "num_statements": 85, "percent_covered": 0.0, "percent_covered_display": "0", "missing_lines": 85, "excluded_lines": 0}, "missing_lines": [1, 4, 7, 10, 13, 16, 19, 23, 24, 25, 27, 28, 30, 31, 32, 33, 34, 46, 47, 48, 50, 51, 54, 55, 169, 170, 236, 237, 275, 276, 277, 313, 314, 333, 334, 360, 361, 389, 390, 432, 433, 434, 454, 455, 475, 476, 496, 499, 509, 510, 532, 533, 546, 547, 565, 566, 575, 576, 585, 586, 608, 609, 632, 633, 654, 655, 680, 681, 699, 700, 727, 728, 765, 766, 771, 772, 797, 798, 843, 844, 898, 899, 958, 959, 1014], "excluded_lines": []}}, "classes": {"BusinessLogicError": {"executed_lines": [], "summary": {"covered_lines": 0, "num_statements": 0, "percent_covered": 100.0, "percent_covered_display": "100", "missing_lines": 0, "excluded_lines": 0}, "missing_lines": [], "excluded_lines": []}, "AssetNotFoundError": {"executed_lines": [], "summary": {"covered_lines": 0, "num_statements": 0, "percent_covered": 100.0, "percent_covered_display": "100", "missing_lines": 0, "excluded_lines": 0}, "missing_lines": [], "excluded_lines": []}, "DuplicateAssetError": {"executed_lines": [], "summary": {"covered_lines": 0, "num_statements": 0, "percent_covered": 100.0, "percent_covered_display": "100", "missing_lines": 0, "excluded_lines": 0}, "missing_lines": [], "excluded_lines": []}, "": {"executed_lines": [], "summary": {"covered_lines": 0, "num_statements": 344, "percent_covered": 0.0, "percent_covered_display": "0", "missing_lines": 344, "excluded_lines": 0}, "missing_lines": [1, 4, 7, 10, 13, 16, 19, 23, 24, 25, 27, 28, 30, 31, 32, 33, 34, 46, 47, 48, 50, 51, 54, 55, 68, 69, 70, 71, 74, 75, 76, 77, 79, 80, 87, 89, 92, 94, 95, 97, 103, 112, 117, 118, 120, 130, 133, 141, 154, 161, 165, 166, 169, 170, 183, 185, 187, 192, 196, 198, 209, 211, 212, 215, 216, 219, 220, 222, 224, 236, 237, 246, 249, 250, 251, 256, 257, 259, 260, 265, 268, 269, 270, 272, 275, 276, 277, 289, 292, 302, 304, 313, 314, 325, 326, 327, 328, 329, 330, 333, 334, 345, 348, 349, 353, 354, 355, 357, 360, 361, 374, 377, 378, 382, 383, 384, 385, 386, 389, 390, 403, 404, 407, 408, 412, 413, 414, 416, 417, 422, 423, 425, 428, 429, 432, 433, 434, 445, 447, 448, 449, 451, 454, 455, 466, 468, 469, 470, 472, 475, 476, 487, 489, 490, 491, 493, 496, 499, 504, 505, 506, 509, 510, 516, 517, 519, 520, 521, 523, 524, 525, 527, 532, 533, 541, 542, 543, 546, 547, 551, 565, 566, 570, 571, 572, 575, 576, 580, 581, 582, 585, 586, 593, 596, 598, 599, 601, 602, 604, 605, 608, 609, 618, 621, 622, 625, 629, 632, 633, 641, 644, 645, 648, 649, 651, 654, 655, 662, 664, 667, 669, 670, 677, 680, 681, 690, 693, 694, 696, 699, 700, 710, 713, 714, 717, 721, 727, 728, 733, 734, 736, 739, 740, 741, 742, 743, 744, 746, 747, 748, 749, 750, 751, 754, 755, 756, 757, 758, 759, 762, 765, 766, 768, 771, 772, 776, 777, 789, 790, 791, 797, 798, 802, 804, 806, 810, 813, 814, 816, 817, 820, 821, 823, 824, 826, 832, 833, 835, 836, 837, 843, 844, 856, 857, 860, 861, 862, 867, 868, 870, 871, 872, 874, 875, 880, 883, 884, 892, 894, 895, 898, 899, 912, 913, 916, 917, 919, 920, 925, 928, 933, 937, 938, 943, 944, 952, 954, 955, 958, 959, 972, 974, 975, 977, 980, 989, 990, 991, 1005, 1007, 1008, 1014, 1016, 1029], "excluded_lines": []}}}, "src\\api\\v1\\backup.py": {"executed_lines": [1, 5, 6, 7, 9, 10, 11, 13, 15, 18, 21, 24, 25, 29, 30, 82, 83, 133, 134, 168, 169, 226, 227], "summary": {"covered_lines": 22, "num_statements": 100, "percent_covered": 22.0, "percent_covered_display": "22", "missing_lines": 78, "excluded_lines": 0}, "missing_lines": [26, 44, 46, 47, 49, 50, 52, 55, 56, 57, 58, 61, 63, 65, 77, 78, 79, 90, 91, 93, 94, 96, 97, 98, 99, 100, 102, 118, 120, 122, 128, 129, 130, 144, 145, 146, 148, 149, 153, 155, 161, 162, 163, 164, 165, 182, 183, 184, 188, 189, 191, 192, 196, 199, 200, 203, 204, 205, 207, 209, 219, 220, 221, 222, 223, 237, 238, 239, 241, 242, 246, 248, 250, 259, 260, 261, 262, 263], "excluded_lines": [], "functions": {"create_backup": {"executed_lines": [], "summary": {"covered_lines": 0, "num_statements": 16, "percent_covered": 0.0, "percent_covered_display": "0", "missing_lines": 16, "excluded_lines": 0}, "missing_lines": [44, 46, 47, 49, 50, 52, 55, 56, 57, 58, 61, 63, 65, 77, 78, 79], "excluded_lines": []}, "list_backups": {"executed_lines": [], "summary": {"covered_lines": 0, "num_statements": 16, "percent_covered": 0.0, "percent_covered_display": "0", "missing_lines": 16, "excluded_lines": 0}, "missing_lines": [90, 91, 93, 94, 96, 97, 98, 99, 100, 102, 118, 120, 122, 128, 129, 130], "excluded_lines": []}, "download_backup": {"executed_lines": [], "summary": {"covered_lines": 0, "num_statements": 12, "percent_covered": 0.0, "percent_covered_display": "0", "missing_lines": 12, "excluded_lines": 0}, "missing_lines": [144, 145, 146, 148, 149, 153, 155, 161, 162, 163, 164, 165], "excluded_lines": []}, "restore_backup": {"executed_lines": [], "summary": {"covered_lines": 0, "num_statements": 20, "percent_covered": 0.0, "percent_covered_display": "0", "missing_lines": 20, "excluded_lines": 0}, "missing_lines": [182, 183, 184, 188, 189, 191, 192, 196, 199, 200, 203, 204, 205, 207, 209, 219, 220, 221, 222, 223], "excluded_lines": []}, "delete_backup": {"executed_lines": [], "summary": {"covered_lines": 0, "num_statements": 13, "percent_covered": 0.0, "percent_covered_display": "0", "missing_lines": 13, "excluded_lines": 0}, "missing_lines": [237, 238, 239, 241, 242, 246, 248, 250, 259, 260, 261, 262, 263], "excluded_lines": []}, "": {"executed_lines": [1, 5, 6, 7, 9, 10, 11, 13, 15, 18, 21, 24, 25, 29, 30, 82, 83, 133, 134, 168, 169, 226, 227], "summary": {"covered_lines": 22, "num_statements": 23, "percent_covered": 95.65217391304348, "percent_covered_display": "96", "missing_lines": 1, "excluded_lines": 0}, "missing_lines": [26], "excluded_lines": []}}, "classes": {"": {"executed_lines": [1, 5, 6, 7, 9, 10, 11, 13, 15, 18, 21, 24, 25, 29, 30, 82, 83, 133, 134, 168, 169, 226, 227], "summary": {"covered_lines": 22, "num_statements": 100, "percent_covered": 22.0, "percent_covered_display": "22", "missing_lines": 78, "excluded_lines": 0}, "missing_lines": [26, 44, 46, 47, 49, 50, 52, 55, 56, 57, 58, 61, 63, 65, 77, 78, 79, 90, 91, 93, 94, 96, 97, 98, 99, 100, 102, 118, 120, 122, 128, 129, 130, 144, 145, 146, 148, 149, 153, 155, 161, 162, 163, 164, 165, 182, 183, 184, 188, 189, 191, 192, 196, 199, 200, 203, 204, 205, 207, 209, 219, 220, 221, 222, 223, 237, 238, 239, 241, 242, 246, 248, 250, 259, 260, 261, 262, 263], "excluded_lines": []}}}, "src\\api\\v1\\chinese_ocr.py": {"executed_lines": [], "summary": {"covered_lines": 0, "num_statements": 94, "percent_covered": 0.0, "percent_covered_display": "0", "missing_lines": 94, "excluded_lines": 0}, "missing_lines": [1, 3, 8, 10, 12, 14, 15, 18, 19, 26, 27, 29, 31, 32, 33, 36, 37, 50, 52, 53, 58, 59, 62, 63, 65, 67, 68, 74, 75, 77, 80, 81, 82, 84, 86, 88, 93, 94, 97, 98, 101, 106, 109, 110, 112, 122, 123, 125, 126, 127, 128, 129, 132, 133, 140, 141, 190, 200, 201, 202, 205, 206, 213, 215, 216, 219, 228, 229, 230, 231, 233, 234, 235, 236, 238, 239, 240, 241, 243, 244, 245, 246, 249, 250, 251, 254, 255, 256, 257, 259, 261, 274, 275, 276], "excluded_lines": [], "functions": {"get_chinese_ocr_info": {"executed_lines": [], "summary": {"covered_lines": 0, "num_statements": 6, "percent_covered": 0.0, "percent_covered_display": "0", "missing_lines": 6, "excluded_lines": 0}, "missing_lines": [26, 27, 29, 31, 32, 33], "excluded_lines": []}, "extract_chinese_text": {"executed_lines": [], "summary": {"covered_lines": 0, "num_statements": 35, "percent_covered": 0.0, "percent_covered_display": "0", "missing_lines": 35, "excluded_lines": 0}, "missing_lines": [50, 52, 53, 58, 59, 62, 63, 65, 67, 68, 74, 75, 77, 80, 81, 82, 84, 86, 88, 93, 94, 97, 98, 101, 106, 109, 110, 112, 122, 123, 125, 126, 127, 128, 129], "excluded_lines": []}, "get_chinese_ocr_features": {"executed_lines": [], "summary": {"covered_lines": 0, "num_statements": 6, "percent_covered": 0.0, "percent_covered_display": "0", "missing_lines": 6, "excluded_lines": 0}, "missing_lines": [140, 141, 190, 200, 201, 202], "excluded_lines": []}, "chinese_ocr_health": {"executed_lines": [], "summary": {"covered_lines": 0, "num_statements": 32, "percent_covered": 0.0, "percent_covered_display": "0", "missing_lines": 32, "excluded_lines": 0}, "missing_lines": [213, 215, 216, 219, 228, 229, 230, 231, 233, 234, 235, 236, 238, 239, 240, 241, 243, 244, 245, 246, 249, 250, 251, 254, 255, 256, 257, 259, 261, 274, 275, 276], "excluded_lines": []}, "": {"executed_lines": [], "summary": {"covered_lines": 0, "num_statements": 15, "percent_covered": 0.0, "percent_covered_display": "0", "missing_lines": 15, "excluded_lines": 0}, "missing_lines": [1, 3, 8, 10, 12, 14, 15, 18, 19, 36, 37, 132, 133, 205, 206], "excluded_lines": []}}, "classes": {"": {"executed_lines": [], "summary": {"covered_lines": 0, "num_statements": 94, "percent_covered": 0.0, "percent_covered_display": "0", "missing_lines": 94, "excluded_lines": 0}, "missing_lines": [1, 3, 8, 10, 12, 14, 15, 18, 19, 26, 27, 29, 31, 32, 33, 36, 37, 50, 52, 53, 58, 59, 62, 63, 65, 67, 68, 74, 75, 77, 80, 81, 82, 84, 86, 88, 93, 94, 97, 98, 101, 106, 109, 110, 112, 122, 123, 125, 126, 127, 128, 129, 132, 133, 140, 141, 190, 200, 201, 202, 205, 206, 213, 215, 216, 219, 228, 229, 230, 231, 233, 234, 235, 236, 238, 239, 240, 241, 243, 244, 245, 246, 249, 250, 251, 254, 255, 256, 257, 259, 261, 274, 275, 276], "excluded_lines": []}}}, "src\\api\\v1\\custom_fields.py": {"executed_lines": [1, 3, 7, 8, 10, 11, 12, 20, 23, 26, 59, 62, 82, 88, 115, 118, 154, 155, 179, 180, 209, 210, 236, 237, 255, 256, 279, 280], "summary": {"covered_lines": 28, "num_statements": 127, "percent_covered": 22.04724409448819, "percent_covered_display": "22", "missing_lines": 99, "excluded_lines": 0}, "missing_lines": [41, 42, 43, 44, 45, 46, 47, 48, 49, 50, 52, 53, 55, 56, 70, 71, 72, 73, 74, 76, 77, 78, 79, 96, 98, 101, 102, 106, 107, 109, 110, 111, 112, 129, 131, 132, 133, 136, 137, 140, 141, 145, 146, 148, 149, 150, 151, 163, 165, 166, 167, 170, 171, 173, 174, 175, 176, 189, 191, 192, 193, 196, 198, 199, 201, 203, 204, 205, 206, 214, 215, 229, 231, 232, 245, 246, 247, 249, 250, 267, 268, 271, 273, 274, 288, 289, 291, 292, 293, 295, 296, 298, 299, 302, 305, 306, 310, 312, 313], "excluded_lines": [], "functions": {"get_custom_fields": {"executed_lines": [], "summary": {"covered_lines": 0, "num_statements": 14, "percent_covered": 0.0, "percent_covered_display": "0", "missing_lines": 14, "excluded_lines": 0}, "missing_lines": [41, 42, 43, 44, 45, 46, 47, 48, 49, 50, 52, 53, 55, 56], "excluded_lines": []}, "get_custom_field": {"executed_lines": [], "summary": {"covered_lines": 0, "num_statements": 9, "percent_covered": 0.0, "percent_covered_display": "0", "missing_lines": 9, "excluded_lines": 0}, "missing_lines": [70, 71, 72, 73, 74, 76, 77, 78, 79], "excluded_lines": []}, "create_custom_field": {"executed_lines": [], "summary": {"covered_lines": 0, "num_statements": 10, "percent_covered": 0.0, "percent_covered_display": "0", "missing_lines": 10, "excluded_lines": 0}, "missing_lines": [96, 98, 101, 102, 106, 107, 109, 110, 111, 112], "excluded_lines": []}, "update_custom_field": {"executed_lines": [], "summary": {"covered_lines": 0, "num_statements": 14, "percent_covered": 0.0, "percent_covered_display": "0", "missing_lines": 14, "excluded_lines": 0}, "missing_lines": [129, 131, 132, 133, 136, 137, 140, 141, 145, 146, 148, 149, 150, 151], "excluded_lines": []}, "delete_custom_field": {"executed_lines": [], "summary": {"covered_lines": 0, "num_statements": 10, "percent_covered": 0.0, "percent_covered_display": "0", "missing_lines": 10, "excluded_lines": 0}, "missing_lines": [163, 165, 166, 167, 170, 171, 173, 174, 175, 176], "excluded_lines": []}, "validate_custom_field_value": {"executed_lines": [], "summary": {"covered_lines": 0, "num_statements": 12, "percent_covered": 0.0, "percent_covered_display": "0", "missing_lines": 12, "excluded_lines": 0}, "missing_lines": [189, 191, 192, 193, 196, 198, 199, 201, 203, 204, 205, 206], "excluded_lines": []}, "get_field_types": {"executed_lines": [], "summary": {"covered_lines": 0, "num_statements": 5, "percent_covered": 0.0, "percent_covered_display": "0", "missing_lines": 5, "excluded_lines": 0}, "missing_lines": [214, 215, 229, 231, 232], "excluded_lines": []}, "get_asset_custom_field_values": {"executed_lines": [], "summary": {"covered_lines": 0, "num_statements": 5, "percent_covered": 0.0, "percent_covered_display": "0", "missing_lines": 5, "excluded_lines": 0}, "missing_lines": [245, 246, 247, 249, 250], "excluded_lines": []}, "update_asset_custom_field_values": {"executed_lines": [], "summary": {"covered_lines": 0, "num_statements": 5, "percent_covered": 0.0, "percent_covered_display": "0", "missing_lines": 5, "excluded_lines": 0}, "missing_lines": [267, 268, 271, 273, 274], "excluded_lines": []}, "batch_set_custom_field_values": {"executed_lines": [], "summary": {"covered_lines": 0, "num_statements": 15, "percent_covered": 0.0, "percent_covered_display": "0", "missing_lines": 15, "excluded_lines": 0}, "missing_lines": [288, 289, 291, 292, 293, 295, 296, 298, 299, 302, 305, 306, 310, 312, 313], "excluded_lines": []}, "": {"executed_lines": [1, 3, 7, 8, 10, 11, 12, 20, 23, 26, 59, 62, 82, 88, 115, 118, 154, 155, 179, 180, 209, 210, 236, 237, 255, 256, 279, 280], "summary": {"covered_lines": 28, "num_statements": 28, "percent_covered": 100.0, "percent_covered_display": "100", "missing_lines": 0, "excluded_lines": 0}, "missing_lines": [], "excluded_lines": []}}, "classes": {"": {"executed_lines": [1, 3, 7, 8, 10, 11, 12, 20, 23, 26, 59, 62, 82, 88, 115, 118, 154, 155, 179, 180, 209, 210, 236, 237, 255, 256, 279, 280], "summary": {"covered_lines": 28, "num_statements": 127, "percent_covered": 22.04724409448819, "percent_covered_display": "22", "missing_lines": 99, "excluded_lines": 0}, "missing_lines": [41, 42, 43, 44, 45, 46, 47, 48, 49, 50, 52, 53, 55, 56, 70, 71, 72, 73, 74, 76, 77, 78, 79, 96, 98, 101, 102, 106, 107, 109, 110, 111, 112, 129, 131, 132, 133, 136, 137, 140, 141, 145, 146, 148, 149, 150, 151, 163, 165, 166, 167, 170, 171, 173, 174, 175, 176, 189, 191, 192, 193, 196, 198, 199, 201, 203, 204, 205, 206, 214, 215, 229, 231, 232, 245, 246, 247, 249, 250, 267, 268, 271, 273, 27
[...]
154, 167, 168, 169], "excluded_lines": []}, "RentContractExcelService.import_contracts_from_excel": {"executed_lines": [], "summary": {"covered_lines": 0, "num_statements": 19, "percent_covered": 0.0, "percent_covered_display": "0", "missing_lines": 19, "excluded_lines": 0}, "missing_lines": [183, 184, 185, 188, 190, 201, 202, 205, 208, 209, 210, 213, 214, 215, 217, 218, 220, 221, 222], "excluded_lines": []}, "RentContractExcelService.download_contract_template": {"executed_lines": [], "summary": {"covered_lines": 0, "num_statements": 16, "percent_covered": 0.0, "percent_covered_display": "0", "missing_lines": 16, "excluded_lines": 0}, "missing_lines": [231, 233, 234, 235, 237, 239, 242, 245, 246, 247, 250, 252, 254, 262, 263, 264], "excluded_lines": []}, "RentContractExcelService._get_contracts_for_export": {"executed_lines": [], "summary": {"covered_lines": 0, "num_statements": 13, "percent_covered": 0.0, "percent_covered_display": "0", "missing_lines": 13, "excluded_lines": 0}, "missing_lines": [277, 279, 287, 288, 290, 291, 293, 294, 296, 298, 300, 301, 302], "excluded_lines": []}, "RentContractExcelService._export_contracts_sheet": {"executed_lines": [], "summary": {"covered_lines": 0, "num_statements": 24, "percent_covered": 0.0, "percent_covered_display": "0", "missing_lines": 24, "excluded_lines": 0}, "missing_lines": [306, 309, 310, 311, 312, 313, 316, 319, 320, 321, 324, 325, 326, 327, 328, 329, 333, 336, 337, 338, 339, 341, 344, 345], "excluded_lines": []}, "RentContractExcelService._export_terms_sheet": {"executed_lines": [], "summary": {"covered_lines": 0, "num_statements": 24, "percent_covered": 0.0, "percent_covered_display": "0", "missing_lines": 24, "excluded_lines": 0}, "missing_lines": [349, 352, 353, 354, 355, 356, 359, 362, 363, 364, 365, 366, 367, 368, 371, 372, 373, 374, 375, 376, 378, 379, 382, 383], "excluded_lines": []}, "RentContractExcelService._export_ledger_sheet": {"executed_lines": [], "summary": {"covered_lines": 0, "num_statements": 24, "percent_covered": 0.0, "percent_covered_display": "0", "missing_lines": 24, "excluded_lines": 0}, "missing_lines": [387, 390, 391, 392, 393, 394, 397, 400, 401, 402, 403, 404, 405, 406, 409, 410, 411, 412, 413, 414, 416, 417, 420, 421], "excluded_lines": []}, "RentContractExcelService._create_contract_template": {"executed_lines": [], "summary": {"covered_lines": 0, "num_statements": 12, "percent_covered": 0.0, "percent_covered_display": "0", "missing_lines": 12, "excluded_lines": 0}, "missing_lines": [425, 428, 429, 430, 431, 432, 435, 438, 458, 459, 462, 463], "excluded_lines": []}, "RentContractExcelService._create_terms_template": {"executed_lines": [], "summary": {"covered_lines": 0, "num_statements": 12, "percent_covered": 0.0, "percent_covered_display": "0", "missing_lines": 12, "excluded_lines": 0}, "missing_lines": [467, 470, 471, 472, 473, 474, 477, 480, 490, 491, 494, 495], "excluded_lines": []}, "RentContractExcelService._create_ledger_template": {"executed_lines": [], "summary": {"covered_lines": 0, "num_statements": 12, "percent_covered": 0.0, "percent_covered_display": "0", "missing_lines": 12, "excluded_lines": 0}, "missing_lines": [499, 502, 503, 504, 505, 506, 509, 512, 523, 524, 527, 528], "excluded_lines": []}, "RentContractExcelService._import_contracts_sheet": {"executed_lines": [], "summary": {"covered_lines": 0, "num_statements": 44, "percent_covered": 0.0, "percent_covered_display": "0", "missing_lines": 44, "excluded_lines": 0}, "missing_lines": [534, 536, 538, 539, 540, 541, 542, 545, 546, 547, 552, 553, 554, 555, 556, 557, 560, 563, 564, 567, 570, 571, 574, 576, 579, 580, 583, 586, 589, 590, 593, 596, 616, 617, 621, 623, 625, 626, 627, 629, 631, 632, 633, 634], "excluded_lines": []}, "RentContractExcelService._import_terms_sheet": {"executed_lines": [], "summary": {"covered_lines": 0, "num_statements": 34, "percent_covered": 0.0, "percent_covered_display": "0", "missing_lines": 34, "excluded_lines": 0}, "missing_lines": [638, 640, 642, 643, 644, 645, 646, 649, 650, 651, 656, 657, 658, 659, 660, 661, 664, 667, 668, 671, 674, 675, 678, 681, 692, 693, 695, 696, 697, 699, 701, 702, 703, 704], "excluded_lines": []}, "RentContractExcelService._import_ledger_sheet": {"executed_lines": [], "summary": {"covered_lines": 0, "num_statements": 31, "percent_covered": 0.0, "percent_covered_display": "0", "missing_lines": 31, "excluded_lines": 0}, "missing_lines": [708, 710, 712, 713, 714, 715, 716, 719, 720, 721, 722, 723, 724, 727, 730, 731, 734, 737, 749, 753, 755, 760, 762, 764, 765, 766, 768, 770, 771, 772, 773], "excluded_lines": []}, "RentContractExcelService._parse_date": {"executed_lines": [], "summary": {"covered_lines": 0, "num_statements": 14, "percent_covered": 0.0, "percent_covered_display": "0", "missing_lines": 14, "excluded_lines": 0}, "missing_lines": [777, 778, 780, 781, 783, 784, 786, 787, 788, 789, 790, 791, 792, 794], "excluded_lines": []}, "RentContractExcelService.cleanup_file": {"executed_lines": [], "summary": {"covered_lines": 0, "num_statements": 9, "percent_covered": 0.0, "percent_covered_display": "0", "missing_lines": 9, "excluded_lines": 0}, "missing_lines": [798, 799, 800, 801, 802, 803, 804, 805, 806], "excluded_lines": []}, "": {"executed_lines": [1, 3, 8, 9, 10, 11, 12, 14, 15, 16, 17, 19, 20, 21, 22, 23, 24, 25, 27, 30, 31, 33, 36, 37, 40, 61, 72, 84, 94, 96, 99, 175, 229, 270, 304, 347, 385, 423, 465, 497, 530, 636, 706, 775, 796, 810], "summary": {"covered_lines": 44, "num_statements": 44, "percent_covered": 100.0, "percent_covered_display": "100", "missing_lines": 0, "excluded_lines": 0}, "missing_lines": [], "excluded_lines": []}}, "classes": {"RentContractExcelError": {"executed_lines": [], "summary": {"covered_lines": 0, "num_statements": 0, "percent_covered": 100.0, "percent_covered_display": "100", "missing_lines": 0, "excluded_lines": 0}, "missing_lines": [], "excluded_lines": []}, "RentContractExcelService": {"executed_lines": [97], "summary": {"covered_lines": 1, "num_statements": 312, "percent_covered": 0.32051282051282054, "percent_covered_display": "1", "missing_lines": 311, "excluded_lines": 0}, "missing_lines": [108, 110, 114, 115, 122, 123, 124, 125, 128, 130, 133, 136, 139, 140, 143, 144, 147, 150, 152, 154, 167, 168, 169, 183, 184, 185, 188, 190, 201, 202, 205, 208, 209, 210, 213, 214, 215, 217, 218, 220, 221, 222, 231, 233, 234, 235, 237, 239, 242, 245, 246, 247, 250, 252, 254, 262, 263, 264, 277, 279, 287, 288, 290, 291, 293, 294, 296, 298, 300, 301, 302, 306, 309, 310, 311, 312, 313, 316, 319, 320, 321, 324, 325, 326, 327, 328, 329, 333, 336, 337, 338, 339, 341, 344, 345, 349, 352, 353, 354, 355, 356, 359, 362, 363, 364, 365, 366, 367, 368, 371, 372, 373, 374, 375, 376, 378, 379, 382, 383, 387, 390, 391, 392, 393, 394, 397, 400, 401, 402, 403, 404, 405, 406, 409, 410, 411, 412, 413, 414, 416, 417, 420, 421, 425, 428, 429, 430, 431, 432, 435, 438, 458, 459, 462, 463, 467, 470, 471, 472, 473, 474, 477, 480, 490, 491, 494, 495, 499, 502, 503, 504, 505, 506, 509, 512, 523, 524, 527, 528, 534, 536, 538, 539, 540, 541, 542, 545, 546, 547, 552, 553, 554, 555, 556, 557, 560, 563, 564, 567, 570, 571, 574, 576, 579, 580, 583, 586, 589, 590, 593, 596, 616, 617, 621, 623, 625, 626, 627, 629, 631, 632, 633, 634, 638, 640, 642, 643, 644, 645, 646, 649, 650, 651, 656, 657, 658, 659, 660, 661, 664, 667, 668, 671, 674, 675, 678, 681, 692, 693, 695, 696, 697, 699, 701, 702, 703, 704, 708, 710, 712, 713, 714, 715, 716, 719, 720, 721, 722, 723, 724, 727, 730, 731, 734, 737, 749, 753, 755, 760, 762, 764, 765, 766, 768, 770, 771, 772, 773, 777, 778, 780, 781, 783, 784, 786, 787, 788, 789, 790, 791, 792, 794, 798, 799, 800, 801, 802, 803, 804, 805, 806], "excluded_lines": []}, "": {"executed_lines": [1, 3, 8, 9, 10, 11, 12, 14, 15, 16, 17, 19, 20, 21, 22, 23, 24, 25, 27, 30, 31, 33, 36, 37, 40, 61, 72, 84, 94, 96, 99, 175, 229, 270, 304, 347, 385, 423, 465, 497, 530, 636, 706, 775, 796, 810], "summary": {"covered_lines": 44, "num_statements": 44, "percent_covered": 100.0, "percent_covered_display": "100", "missing_lines": 0, "excluded_lines": 0}, "missing_lines": [], "excluded_lines": []}}}, "src\\utils\\cache_manager.py": {"executed_lines": [1, 3, 8, 9, 10, 12, 16, 17, 18, 19, 20, 23, 25, 28, 29, 31, 32, 33, 34, 35, 37, 60, 72, 77, 81, 103, 131, 152, 184, 187, 192, 209, 210, 212, 213, 214, 215, 217, 218, 235, 239, 241, 244, 249], "summary": {"covered_lines": 42, "num_statements": 140, "percent_covered": 30.0, "percent_covered_display": "30", "missing_lines": 98, "excluded_lines": 0}, "missing_lines": [39, 40, 50, 51, 52, 53, 54, 55, 56, 58, 62, 63, 68, 69, 70, 74, 75, 79, 83, 86, 87, 88, 89, 90, 91, 92, 95, 96, 97, 98, 99, 101, 105, 106, 107, 110, 111, 112, 113, 114, 115, 116, 119, 120, 121, 122, 123, 124, 125, 126, 127, 129, 133, 134, 137, 138, 139, 140, 141, 142, 145, 146, 147, 148, 150, 154, 157, 158, 159, 160, 161, 162, 163, 166, 167, 168, 173, 174, 175, 176, 177, 178, 180, 189, 195, 202, 203, 204, 206, 220, 223, 224, 225, 228, 231, 233, 246, 251], "excluded_lines": [], "functions": {"CacheManager.__init__": {"executed_lines": [32, 33, 34, 35], "summary": {"covered_lines": 4, "num_statements": 4, "percent_covered": 100.0, "percent_covered_display": "100", "missing_lines": 0, "excluded_lines": 0}, "missing_lines": [], "excluded_lines": []}, "CacheManager.initialize": {"executed_lines": [], "summary": {"covered_lines": 0, "num_statements": 10, "percent_covered": 0.0, "percent_covered_display": "0", "missing_lines": 10, "excluded_lines": 0}, "missing_lines": [39, 40, 50, 51, 52, 53, 54, 55, 56, 58], "excluded_lines": []}, "CacheManager._clean_expired_memory_cache": {"executed_lines": [], "summary": {"covered_lines": 0, "num_statements": 5, "percent_covered": 0.0, "percent_covered_display": "0", "missing_lines": 5, "excluded_lines": 0}, "missing_lines": [62, 63, 68, 69, 70], "excluded_lines": []}, "CacheManager.close": {"executed_lines": [], "summary": {"covered_lines": 0, "num_statements": 2, "percent_covered": 0.0, "percent_covered_display": "0", "missing_lines": 2, "excluded_lines": 0}, "missing_lines": [74, 75], "excluded_lines": []}, "CacheManager._get_key": {"executed_lines": [], "summary": {"covered_lines": 0, "num_statements": 1, "percent_covered": 0.0, "percent_covered_display": "0", "missing_lines": 1, "excluded_lines": 0}, "missing_lines": [79], "excluded_lines": []}, "CacheManager.get": {"executed_lines": [], "summary": {"covered_lines": 0, "num_statements": 14, "percent_covered": 0.0, "percent_covered_display": "0", "missing_lines": 14, "excluded_lines": 0}, "missing_lines": [83, 86, 87, 88, 89, 90, 91, 92, 95, 96, 97, 98, 99, 101], "excluded_lines": []}, "CacheManager.set": {"executed_lines": [], "summary": {"covered_lines": 0, "num_statements": 20, "percent_covered": 0.0, "percent_covered_display": "0", "missing_lines": 20, "excluded_lines": 0}, "missing_lines": [105, 106, 107, 110, 111, 112, 113, 114, 115, 116, 119, 120, 121, 122, 123, 124, 125, 126, 127, 129], "excluded_lines": []}, "CacheManager.delete": {"executed_lines": [], "summary": {"covered_lines": 0, "num_statements": 13, "percent_covered": 0.0, "percent_covered_display": "0", "missing_lines": 13, "excluded_lines": 0}, "missing_lines": [133, 134, 137, 138, 139, 140, 141, 142, 145, 146, 147, 148, 150], "excluded_lines": []}, "CacheManager.clear_pattern": {"executed_lines": [], "summary": {"covered_lines": 0, "num_statements": 18, "percent_covered": 0.0, "percent_covered_display": "0", "missing_lines": 18, "excluded_lines": 0}, "missing_lines": [154, 157, 158, 159, 160, 161, 162, 163, 166, 167, 168, 173, 174, 175, 176, 177, 178, 180], "excluded_lines": []}, "get_cache_manager": {"executed_lines": [], "summary": {"covered_lines": 0, "num_statements": 1, "percent_covered": 0.0, "percent_covered_display": "0", "missing_lines": 1, "excluded_lines": 0}, "missing_lines": [189], "excluded_lines": []}, "cache_key_builder": {"executed_lines": [], "summary": {"covered_lines": 0, "num_statements": 5, "percent_covered": 0.0, "percent_covered_display": "0", "missing_lines": 5, "excluded_lines": 0}, "missing_lines": [195, 202, 203, 204, 206], "excluded_lines": []}, "CacheDecorator.__init__": {"executed_lines": [213, 214, 215], "summary": {"covered_lines": 3, "num_statements": 3, "percent_covered": 100.0, "percent_covered_display": "100", "missing_lines": 0, "excluded_lines": 0}, "missing_lines": [], "excluded_lines": []}, "CacheDecorator.__call__": {"executed_lines": [218, 235], "summary": {"covered_lines": 2, "num_statements": 2, "percent_covered": 100.0, "percent_covered_display": "100", "missing_lines": 0, "excluded_lines": 0}, "missing_lines": [], "excluded_lines": []}, "CacheDecorator.__call__.wrapper": {"executed_lines": [], "summary": {"covered_lines": 0, "num_statements": 7, "percent_covered": 0.0, "percent_covered_display": "0", "missing_lines": 7, "excluded_lines": 0}, "missing_lines": [220, 223, 224, 225, 228, 231, 233], "excluded_lines": []}, "cache_statistics": {"executed_lines": [241], "summary": {"covered_lines": 1, "num_statements": 1, "percent_covered": 100.0, "percent_covered_display": "100", "missing_lines": 0, "excluded_lines": 0}, "missing_lines": [], "excluded_lines": []}, "cache_assets": {"executed_lines": [], "summary": {"covered_lines": 0, "num_statements": 1, "percent_covered": 0.0, "percent_covered_display": "0", "missing_lines": 1, "excluded_lines": 0}, "missing_lines": [246], "excluded_lines": []}, "cache_dictionary": {"executed_lines": [], "summary": {"covered_lines": 0, "num_statements": 1, "percent_covered": 0.0, "percent_covered_display": "0", "missing_lines": 1, "excluded_lines": 0}, "missing_lines": [251], "excluded_lines": []}, "": {"executed_lines": [1, 3, 8, 9, 10, 12, 16, 17, 18, 19, 20, 23, 25, 28, 29, 31, 37, 60, 72, 77, 81, 103, 131, 152, 184, 187, 192, 209, 210, 212, 217, 239, 244, 249], "summary": {"covered_lines": 32, "num_statements": 32, "percent_covered": 100.0, "percent_covered_display": "100", "missing_lines": 0, "excluded_lines": 0}, "missing_lines": [], "excluded_lines": []}}, "classes": {"Settings": {"executed_lines": [], "summary": {"covered_lines": 0, "num_statements": 0, "percent_covered": 100.0, "percent_covered_display": "100", "missing_lines": 0, "excluded_lines": 0}, "missing_lines": [], "excluded_lines": []}, "CacheManager": {"executed_lines": [32, 33, 34, 35], "summary": {"covered_lines": 4, "num_statements": 87, "percent_covered": 4.597701149425287, "percent_covered_display": "5", "missing_lines": 83, "excluded_lines": 0}, "missing_lines": [39, 40, 50, 51, 52, 53, 54, 55, 56, 58, 62, 63, 68, 69, 70, 74, 75, 79, 83, 86, 87, 88, 89, 90, 91, 92, 95, 96, 97, 98, 99, 101, 105, 106, 107, 110, 111, 112, 113, 114, 115, 116, 119, 120, 121, 122, 123, 124, 125, 126, 127, 129, 133, 134, 137, 138, 139, 140, 141, 142, 145, 146, 147, 148, 150, 154, 157, 158, 159, 160, 161, 162, 163, 166, 167, 168, 173, 174, 175, 176, 177, 178, 180], "excluded_lines": []}, "CacheDecorator": {"executed_lines": [213, 214, 215, 218, 235], "summary": {"covered_lines": 5, "num_statements": 12, "percent_covered": 41.666666666666664, "percent_covered_display": "42", "missing_lines": 7, "excluded_lines": 0}, "missing_lines": [220, 223, 224, 225, 228, 231, 233], "excluded_lines": []}, "": {"executed_lines": [1, 3, 8, 9, 10, 12, 16, 17, 18, 19, 20, 23, 25, 28, 29, 31, 37, 60, 72, 77, 81, 103, 131, 152, 184, 187, 192, 209, 210, 212, 217, 239, 241, 244, 249], "summary": {"covered_lines": 33, "num_statements": 41, "percent_covered": 80.48780487804878, "percent_covered_display": "80", "missing_lines": 8, "excluded_lines": 0}, "missing_lines": [189, 195, 202, 203, 204, 206, 246, 251], "excluded_lines": []}}}, "src\\utils\\model_utils.py": {"executed_lines": [1, 3, 7, 8, 9, 11, 14, 55, 71, 81, 97, 113, 127, 161, 180, 204], "summary": {"covered_lines": 16, "num_statements": 75, "percent_covered": 21.333333333333332, "percent_covered_display": "21", "missing_lines": 59, "excluded_lines": 0}, "missing_lines": [25, 26, 28, 29, 31, 32, 35, 36, 37, 38, 40, 43, 44, 45, 46, 47, 48, 50, 52, 68, 78, 92, 93, 94, 108, 109, 110, 124, 138, 139, 140, 142, 143, 144, 146, 149, 151, 152, 153, 154, 156, 157, 158, 175, 176, 177, 190, 191, 194, 196, 197, 198, 199, 201, 215, 216, 218, 219, 221], "excluded_lines": [], "functions": {"model_to_dict": {"executed_lines": [], "summary": {"covered_lines": 0, "num_statements": 19, "percent_covered": 0.0, "percent_covered_display": "0", "missing_lines": 19, "excluded_lines": 0}, "missing_lines": [25, 26, 28, 29, 31, 32, 35, 36, 37, 38, 40, 43, 44, 45, 46, 47, 48, 50, 52], "excluded_lines": []}, "batch_to_dict": {"executed_lines": [], "summary": {"covered_lines": 0, "num_statements": 1, "percent_covered": 0.0, "percent_covered_display": "0", "missing_lines": 1, "excluded_lines": 0}, "missing_lines": [68], "excluded_lines": []}, "generate_uuid": {"executed_lines": [], "summary": {"covered_lines": 0, "num_statements": 1, "percent_covered": 0.0, "percent_covered_display": "0", "missing_lines": 1, "excluded_lines": 0}, "missing_lines": [78], "excluded_lines": []}, "format_currency": {"executed_lines": [], "summary": {"covered_lines": 0, "num_statements": 3, "percent_covered": 0.0, "percent_covered_display": "0", "missing_lines": 3, "excluded_lines": 0}, "missing_lines": [92, 93, 94], "excluded_lines": []}, "calculate_percentage": {"executed_lines": [], "summary": {"covered_lines": 0, "num_statements": 3, "percent_covered": 0.0, "percent_covered_display": "0", "missing_lines": 3, "excluded_lines": 0}, "missing_lines": [108, 109, 110], "excluded_lines": []}, "validate_date_range": {"executed_lines": [], "summary": {"covered_lines": 0, "num_statements": 1, "percent_covered": 0.0, "percent_covered_display": "0", "missing_lines": 1, "excluded_lines": 0}, "missing_lines": [124], "excluded_lines": []}, "generate_month_range": {"executed_lines": [], "summary": {"covered_lines": 0, "num_statements": 15, "percent_covered": 0.0, "percent_covered_display": "0", "missing_lines": 15, "excluded_lines": 0}, "missing_lines": [138, 139, 140, 142, 143, 144, 146, 149, 151, 152, 153, 154, 156, 157, 158], "excluded_lines": []}, "safe_divide": {"executed_lines": [], "summary": {"covered_lines": 0, "num_statements": 3, "percent_covered": 0.0, "percent_covered_display": "0", "missing_lines": 3, "excluded_lines": 0}, "missing_lines": [175, 176, 177], "excluded_lines": []}, "format_phone_number": {"executed_lines": [], "summary": {"covered_lines": 0, "num_statements": 8, "percent_covered": 0.0, "percent_covered_display": "0", "missing_lines": 8, "excluded_lines": 0}, "missing_lines": [190, 191, 194, 196, 197, 198, 199, 201], "excluded_lines": []}, "truncate_string": {"executed_lines": [], "summary": {"covered_lines": 0, "num_statements": 5, "percent_covered": 0.0, "percent_covered_display": "0", "missing_lines": 5, "excluded_lines": 0}, "missing_lines": [215, 216, 218, 219, 221], "excluded_lines": []}, "": {"executed_lines": [1, 3, 7, 8, 9, 11, 14, 55, 71, 81, 97, 113, 127, 161, 180, 204], "summary": {"covered_lines": 16, "num_statements": 16, "percent_covered": 100.0, "percent_covered_display": "100", "missing_lines": 0, "excluded_lines": 0}, "missing_lines": [], "excluded_lines": []}}, "classes": {"": {"executed_lines": [1, 3, 7, 8, 9, 11, 14, 55, 71, 81, 97, 113, 127, 161, 180, 204], "summary": {"covered_lines": 16, "num_statements": 75, "percent_covered": 21.333333333333332, "percent_covered_display": "21", "missing_lines": 59, "excluded_lines": 0}, "missing_lines": [25, 26, 28, 29, 31, 32, 35, 36, 37, 38, 40, 43, 44, 45, 46, 47, 48, 50, 52, 68, 78, 92, 93, 94, 108, 109, 110, 124, 138, 139, 140, 142, 143, 144, 146, 149, 151, 152, 153, 154, 156, 157, 158, 175, 176, 177, 190, 191, 194, 196, 197, 198, 199, 201, 215, 216, 218, 219, 221], "excluded_lines": []}}}}, "totals": {"covered_lines": 6107, "num_statements": 20319, "percent_covered": 30.055612973079384, "percent_covered_display": "30", "missing_lines": 14212, "excluded_lines": 0}}